[2018-09-05 12:20:08] flutterwave/rave.NOTICE: Generating Reference Number.... [] []
[2018-09-05 12:20:08] flutterwave/rave.NOTICE: Generated Reference Number...._5b8fc9f82acf5 [] []
[2018-09-05 12:20:08] flutterwave/rave.NOTICE: Rave Class Initializes.... [] []
[2018-09-05 12:20:08] flutterwave/rave.NOTICE: Generating Reference Number.... [] []
[2018-09-05 12:20:08] flutterwave/rave.NOTICE: Generated Reference Number...._5b8fc9f8d5d7c [] []
[2018-09-05 12:20:08] flutterwave/rave.NOTICE: Rave Class Initializes.... [] []
[2018-09-05 12:20:52] flutterwave/rave.NOTICE: Generating Reference Number.... [] []
[2018-09-05 12:20:52] flutterwave/rave.NOTICE: Generated Reference Number....KRYP__5b8fca2460c27 [] []
[2018-09-05 12:20:52] flutterwave/rave.NOTICE: Rave Class Initializes.... [] []
[2018-09-05 12:20:53] flutterwave/rave.NOTICE: Generating Reference Number.... [] []
[2018-09-05 12:20:53] flutterwave/rave.NOTICE: Generated Reference Number....KRYP__5b8fca251c895 [] []
[2018-09-05 12:20:53] flutterwave/rave.NOTICE: Rave Class Initializes.... [] []
[2018-09-05 12:20:56] flutterwave/rave.NOTICE: Generating Reference Number.... [] []
[2018-09-05 12:20:56] flutterwave/rave.NOTICE: Generated Reference Number....KRYP__5b8fca289cfa5 [] []
[2018-09-05 12:20:56] flutterwave/rave.NOTICE: Rave Class Initializes.... [] []
[2018-09-05 12:20:56] flutterwave/rave.NOTICE: Generating Reference Number.... [] []
[2018-09-05 12:20:56] flutterwave/rave.NOTICE: Generated Reference Number....KRYP__5b8fca28c9c18 [] []
[2018-09-05 12:20:56] flutterwave/rave.NOTICE: Rave Class Initializes.... [] []
[2018-09-05 12:20:56] flutterwave/rave.NOTICE: Generating Reference Number.... [] []
[2018-09-05 12:20:56] flutterwave/rave.NOTICE: Generated Reference Number....KRYP__5b8fca28eafcc [] []
[2018-09-05 12:20:56] flutterwave/rave.NOTICE: Rave Class Initializes.... [] []
[2018-09-05 12:20:58] flutterwave/rave.NOTICE: Generating Reference Number.... [] []
[2018-09-05 12:20:58] flutterwave/rave.NOTICE: Generated Reference Number....KRYP__5b8fca2a74648 [] []
[2018-09-05 12:20:58] flutterwave/rave.NOTICE: Rave Class Initializes.... [] []
[2018-09-05 12:21:57] flutterwave/rave.NOTICE: Generating Reference Number.... [] []
[2018-09-05 12:21:57] flutterwave/rave.NOTICE: Generated Reference Number....KRYP__5b8fca653a054 [] []
[2018-09-05 12:21:57] flutterwave/rave.NOTICE: Rave Class Initializes.... [] []
[2018-09-05 12:22:17] flutterwave/rave.NOTICE: Generating Reference Number.... [] []
[2018-09-05 12:22:17] flutterwave/rave.NOTICE: Generated Reference Number....KRYP__5b8fca79c2756 [] []
[2018-09-05 12:22:17] flutterwave/rave.NOTICE: Rave Class Initializes.... [] []
[2018-09-05 12:22:17] flutterwave/rave.NOTICE: Generating Checksum.... [] []
[2018-09-05 12:23:50] flutterwave/rave.NOTICE: Generating Reference Number.... [] []
[2018-09-05 12:23:50] flutterwave/rave.NOTICE: Generated Reference Number....KRYP__5b8fcad6db65c [] []
[2018-09-05 12:23:50] flutterwave/rave.NOTICE: Rave Class Initializes.... [] []
[2018-09-05 12:23:50] flutterwave/rave.NOTICE: Generating Checksum.... [] []
[2018-09-05 12:27:06] flutterwave/rave.NOTICE: Generating Reference Number.... [] []
[2018-09-05 12:27:06] flutterwave/rave.NOTICE: Generated Reference Number....KRYP__5b8fcb9ae56ec [] []
[2018-09-05 12:27:06] flutterwave/rave.NOTICE: Rave Class Initializes.... [] []
[2018-09-05 12:27:06] flutterwave/rave.NOTICE: Generating Checksum.... [] []
[2018-09-05 14:39:29] flutterwave/rave.NOTICE: Generating Reference Number.... [] []
[2018-09-05 14:39:29] flutterwave/rave.NOTICE: Generated Reference Number....KRYP__5b8feaa19a3e4 [] []
[2018-09-05 14:39:29] flutterwave/rave.NOTICE: Rave Class Initializes.... [] []
[2018-09-05 14:39:29] flutterwave/rave.NOTICE: Generating Checksum.... [] []
[2018-09-05 14:39:56] flutterwave/rave.NOTICE: Generating Reference Number.... [] []
[2018-09-05 14:39:56] flutterwave/rave.NOTICE: Generated Reference Number....KRYP__5b8feabc23e41 [] []
[2018-09-05 14:39:56] flutterwave/rave.NOTICE: Rave Class Initializes.... [] []
[2018-09-05 14:41:16] flutterwave/rave.NOTICE: Generating Reference Number.... [] []
[2018-09-05 14:41:16] flutterwave/rave.NOTICE: Generated Reference Number....KRYP__5b8feb0c379e9 [] []
[2018-09-05 14:41:16] flutterwave/rave.NOTICE: Rave Class Initializes.... [] []
[2018-09-05 14:41:16] flutterwave/rave.NOTICE: Generating Reference Number.... [] []
[2018-09-05 14:41:16] flutterwave/rave.NOTICE: Generated Reference Number....KRYP__5b8feb0c37a67 [] []
[2018-09-05 14:41:47] flutterwave/rave.NOTICE: Generating Reference Number.... [] []
[2018-09-05 14:41:47] flutterwave/rave.NOTICE: Generated Reference Number....KRYP__5b8feb2bc6521 [] []
[2018-09-05 14:41:47] flutterwave/rave.NOTICE: Rave Class Initializes.... [] []
[2018-09-05 14:41:47] flutterwave/rave.NOTICE: Generating Reference Number.... [] []
[2018-09-05 14:41:47] flutterwave/rave.NOTICE: Generated Reference Number....KRYP__5b8feb2bc65b6 [] []
[2018-09-05 14:41:48] flutterwave/rave.NOTICE: Generating Reference Number.... [] []
[2018-09-05 14:41:48] flutterwave/rave.NOTICE: Generated Reference Number....KRYP__5b8feb2ca746c [] []
[2018-09-05 14:41:48] flutterwave/rave.NOTICE: Rave Class Initializes.... [] []
[2018-09-05 14:41:48] flutterwave/rave.NOTICE: Generating Reference Number.... [] []
[2018-09-05 14:41:48] flutterwave/rave.NOTICE: Generated Reference Number....KRYP__5b8feb2ca74f0 [] []
[2018-09-05 14:41:49] flutterwave/rave.NOTICE: Generating Reference Number.... [] []
[2018-09-05 14:41:49] flutterwave/rave.NOTICE: Generated Reference Number....KRYP__5b8feb2d451c6 [] []
[2018-09-05 14:41:49] flutterwave/rave.NOTICE: Rave Class Initializes.... [] []
[2018-09-05 14:41:49] flutterwave/rave.NOTICE: Generating Reference Number.... [] []
[2018-09-05 14:41:49] flutterwave/rave.NOTICE: Generated Reference Number....KRYP__5b8feb2d452c3 [] []
[2018-09-05 14:41:49] flutterwave/rave.NOTICE: Generating Reference Number.... [] []
[2018-09-05 14:41:49] flutterwave/rave.NOTICE: Generated Reference Number....KRYP__5b8feb2dabc71 [] []
[2018-09-05 14:41:49] flutterwave/rave.NOTICE: Rave Class Initializes.... [] []
[2018-09-05 14:41:49] flutterwave/rave.NOTICE: Generating Reference Number.... [] []
[2018-09-05 14:41:49] flutterwave/rave.NOTICE: Generated Reference Number....KRYP__5b8feb2dabcfa [] []
[2018-09-05 14:41:55] flutterwave/rave.NOTICE: Generating Reference Number.... [] []
[2018-09-05 14:41:55] flutterwave/rave.NOTICE: Generated Reference Number....KRYP_5b8feb33cbd49 [] []
[2018-09-05 14:41:55] flutterwave/rave.NOTICE: Rave Class Initializes.... [] []
[2018-09-05 14:41:55] flutterwave/rave.NOTICE: Generating Reference Number.... [] []
[2018-09-05 14:41:55] flutterwave/rave.NOTICE: Generated Reference Number....KRYP_5b8feb33cbdc7 [] []
[2018-09-05 14:41:56] flutterwave/rave.NOTICE: Generating Reference Number.... [] []
[2018-09-05 14:41:56] flutterwave/rave.NOTICE: Generated Reference Number....KRYP_5b8feb3464d9f [] []
[2018-09-05 14:41:56] flutterwave/rave.NOTICE: Rave Class Initializes.... [] []
[2018-09-05 14:41:56] flutterwave/rave.NOTICE: Generating Reference Number.... [] []
[2018-09-05 14:41:56] flutterwave/rave.NOTICE: Generated Reference Number....KRYP_5b8feb3464e1d [] []
[2018-09-05 14:45:03] flutterwave/rave.NOTICE: Generating Reference Number.... [] []
[2018-09-05 14:45:03] flutterwave/rave.NOTICE: Generated Reference Number....KRYP_5b8febef11966 [] []
[2018-09-05 14:45:03] flutterwave/rave.NOTICE: Rave Class Initializes.... [] []
[2018-09-05 14:45:03] flutterwave/rave.NOTICE: Generating Reference Number.... [] []
[2018-09-05 14:45:03] flutterwave/rave.NOTICE: Generated Reference Number....KRYP_5b8febef11a23 [] []
[2018-09-05 14:46:43] flutterwave/rave.NOTICE: Generating Reference Number.... [] []
[2018-09-05 14:46:43] flutterwave/rave.NOTICE: Generated Reference Number....KRYP_5b8fec534d117 [] []
[2018-09-05 14:46:43] flutterwave/rave.NOTICE: Rave Class Initializes.... [] []
[2018-09-05 14:46:43] flutterwave/rave.NOTICE: Generating Reference Number.... [] []
[2018-09-05 14:46:43] flutterwave/rave.NOTICE: Generated Reference Number....KRYP_5b8fec534d196 [] []
[2018-09-05 14:46:43] flutterwave/rave.NOTICE: Generating Checksum.... [] []
[2018-09-05 14:48:24] flutterwave/rave.NOTICE: Generating Reference Number.... [] []
[2018-09-05 14:48:24] flutterwave/rave.NOTICE: Generated Reference Number....KRYP_5b8fecb8b4ea0 [] []
[2018-09-05 14:48:24] flutterwave/rave.NOTICE: Rave Class Initializes.... [] []
[2018-09-05 14:48:24] flutterwave/rave.NOTICE: Generating Reference Number.... [] []
[2018-09-05 14:48:24] flutterwave/rave.NOTICE: Generated Reference Number....KRYP_5b8fecb8b4f1f [] []
[2018-09-05 14:48:24] flutterwave/rave.NOTICE: Generating Checksum.... [] []
[2018-09-05 14:53:45] flutterwave/rave.NOTICE: Generating Reference Number.... [] []
[2018-09-05 14:53:45] flutterwave/rave.NOTICE: Generated Reference Number....KRYP_5b8fedf933889 [] []
[2018-09-05 14:53:45] flutterwave/rave.NOTICE: Rave Class Initializes.... [] []
[2018-09-05 14:53:45] flutterwave/rave.NOTICE: Generating Reference Number.... [] []
[2018-09-05 14:53:45] flutterwave/rave.NOTICE: Generated Reference Number....KRYP_5b8fedf933974 [] []
[2018-09-05 14:53:45] flutterwave/rave.NOTICE: Generating Checksum.... [] []
