[2018-09-17 07:03:34] flutterwave/rave.NOTICE: Generating Reference Number.... [] []
[2018-09-17 07:03:34] flutterwave/rave.NOTICE: Generated Reference Number....KRYP__5b9f51c6a8175 [] []
[2018-09-17 07:03:34] flutterwave/rave.NOTICE: Rave Class Initializes.... [] []
[2018-09-17 07:03:34] flutterwave/rave.NOTICE: Generating Reference Number.... [] []
[2018-09-17 07:03:34] flutterwave/rave.NOTICE: Generated Reference Number....KRYP_5b9f51c6a8343 [] []
[2018-09-17 07:03:34] flutterwave/rave.NOTICE: Rave Class Initializes.... [] []
[2018-09-17 07:03:34] flutterwave/rave.NOTICE: Requerying Transaction....KRYP_5b9f512195ece [] []
[2018-09-17 07:03:36] flutterwave/rave.NOTICE: Requeryed a successful transaction....{"txid":251329,"txref":"KRYP_5b9f512195ece","flwref":"FLW-MOCK-d83512f9ceb14bdd39b3ffd81d65718a","devicefingerprint":"ee1bdfc08cea79ae862e0148239b80ac","cycle":"one-time","amount":20,"currency":"USD","chargedamount":20,"appfee":0.65,"merchantfee":0,"merchantbearsfee":1,"chargecode":"00","chargemessage":"Please enter the OTP sent to your mobile number 080****** and email te**@rave**.com","authmodel":"VBVSECURECODE","ip":"80.89.72.142","narration":"CARD Transaction ","status":"successful","vbvcode":"00","vbvmessage":"Approved. Successful","authurl":"https:\/\/ravesandboxapi.flutterwave.com\/mockvbvpage?ref=FLW-MOCK-d83512f9ceb14bdd39b3ffd81d65718a&code=00&message=Approved. Successful&receiptno=RN1537167797926","acctcode":"RN1537167797926","acctmessage":null,"paymenttype":"card","paymentid":"861","fraudstatus":"ok","chargetype":"normal","createdday":1,"createddayname":"MONDAY","createdweek":38,"createdmonth":8,"createdmonthname":"SEPTEMBER","createdquarter":3,"createdyear":2018,"createdyearisleap":false,"createddayispublicholiday":0,"createdhour":7,"createdminute":3,"createdpmam":"am","created":"2018-09-17T07:03:17.000Z","customerid":50256,"custphone":null,"custnetworkprovider":"N\/A","custname":"LEO DUMONTIER ","custemail":"hello@ovrley.com","custemailprovider":"COMPANY EMAIL","custcreated":"2018-09-17T07:03:17.000Z","accountid":7527,"acctbusinessname":"OVRLEYDEV","acctcontactperson":"LEO DUMONTIER","acctcountry":"US","acctbearsfeeattransactiontime":1,"acctparent":1,"acctvpcmerchant":"N\/A","acctalias":null,"acctisliveapproved":0,"orderref":"URF_1537167797838_6851035","paymentplan":null,"paymentpage":null,"raveref":"RV3153716779662125228ADA8F","amountsettledforthistransaction":19.35} [] []
[2018-09-17 07:04:11] flutterwave/rave.NOTICE: Generating Reference Number.... [] []
[2018-09-17 07:04:11] flutterwave/rave.NOTICE: Generated Reference Number....KRYP__5b9f51eb17b0f [] []
[2018-09-17 07:04:11] flutterwave/rave.NOTICE: Rave Class Initializes.... [] []
[2018-09-17 07:04:11] flutterwave/rave.NOTICE: Generating Reference Number.... [] []
[2018-09-17 07:04:11] flutterwave/rave.NOTICE: Generated Reference Number....KRYP_5b9f51eb17c72 [] []
[2018-09-17 07:04:11] flutterwave/rave.NOTICE: Rave Class Initializes.... [] []
[2018-09-17 07:04:11] flutterwave/rave.NOTICE: Requerying Transaction....KRYP_5b9f512195ece [] []
[2018-09-17 07:04:12] flutterwave/rave.NOTICE: Requeryed a successful transaction....{"txid":251329,"txref":"KRYP_5b9f512195ece","flwref":"FLW-MOCK-d83512f9ceb14bdd39b3ffd81d65718a","devicefingerprint":"ee1bdfc08cea79ae862e0148239b80ac","cycle":"one-time","amount":20,"currency":"USD","chargedamount":20,"appfee":0.65,"merchantfee":0,"merchantbearsfee":1,"chargecode":"00","chargemessage":"Please enter the OTP sent to your mobile number 080****** and email te**@rave**.com","authmodel":"VBVSECURECODE","ip":"80.89.72.142","narration":"CARD Transaction ","status":"successful","vbvcode":"00","vbvmessage":"Approved. Successful","authurl":"https:\/\/ravesandboxapi.flutterwave.com\/mockvbvpage?ref=FLW-MOCK-d83512f9ceb14bdd39b3ffd81d65718a&code=00&message=Approved. Successful&receiptno=RN1537167797926","acctcode":"RN1537167797926","acctmessage":null,"paymenttype":"card","paymentid":"861","fraudstatus":"ok","chargetype":"normal","createdday":1,"createddayname":"MONDAY","createdweek":38,"createdmonth":8,"createdmonthname":"SEPTEMBER","createdquarter":3,"createdyear":2018,"createdyearisleap":false,"createddayispublicholiday":0,"createdhour":7,"createdminute":3,"createdpmam":"am","created":"2018-09-17T07:03:17.000Z","customerid":50256,"custphone":null,"custnetworkprovider":"N\/A","custname":"LEO DUMONTIER ","custemail":"hello@ovrley.com","custemailprovider":"COMPANY EMAIL","custcreated":"2018-09-17T07:03:17.000Z","accountid":7527,"acctbusinessname":"OVRLEYDEV","acctcontactperson":"LEO DUMONTIER","acctcountry":"US","acctbearsfeeattransactiontime":1,"acctparent":1,"acctvpcmerchant":"N\/A","acctalias":null,"acctisliveapproved":0,"orderref":"URF_1537167797838_6851035","paymentplan":null,"paymentpage":null,"raveref":"RV3153716779662125228ADA8F","amountsettledforthistransaction":19.35} [] []
[2018-09-17 07:12:35] flutterwave/rave.NOTICE: Generating Reference Number.... [] []
[2018-09-17 07:12:35] flutterwave/rave.NOTICE: Generated Reference Number....KRYP_5b9f53e3c85e6 [] []
[2018-09-17 07:12:35] flutterwave/rave.NOTICE: Rave Class Initializes.... [] []
[2018-09-17 07:12:35] flutterwave/rave.NOTICE: Requerying Transaction....KRYP_5b9f52256d1b5 [] []
[2018-09-17 07:12:37] flutterwave/rave.NOTICE: Requeryed a successful transaction....{"txid":251332,"txref":"KRYP_5b9f52256d1b5","flwref":"FLW-MOCK-1d65e14be2a0976f77c5df9c7dbe07f0","devicefingerprint":"ee1bdfc08cea79ae862e0148239b80ac","cycle":"one-time","amount":20,"currency":"USD","chargedamount":20,"appfee":0.65,"merchantfee":0,"merchantbearsfee":1,"chargecode":"00","chargemessage":"Please enter the OTP sent to your mobile number 080****** and email te**@rave**.com","authmodel":"VBVSECURECODE","ip":"80.89.72.142","narration":"CARD Transaction ","status":"successful","vbvcode":"00","vbvmessage":"Approved. Successful","authurl":"https:\/\/ravesandboxapi.flutterwave.com\/mockvbvpage?ref=FLW-MOCK-1d65e14be2a0976f77c5df9c7dbe07f0&code=00&message=Approved. Successful&receiptno=RN1537167942393","acctcode":"RN1537167942393","acctmessage":null,"paymenttype":"card","paymentid":"861","fraudstatus":"ok","chargetype":"normal","createdday":1,"createddayname":"MONDAY","createdweek":38,"createdmonth":8,"createdmonthname":"SEPTEMBER","createdquarter":3,"createdyear":2018,"createdyearisleap":false,"createddayispublicholiday":0,"createdhour":7,"createdminute":5,"createdpmam":"am","created":"2018-09-17T07:05:42.000Z","customerid":50257,"custphone":null,"custnetworkprovider":"N\/A","custname":"LEO DUMONTIER ","custemail":"hello@ovrley.com","custemailprovider":"COMPANY EMAIL","custcreated":"2018-09-17T07:05:41.000Z","accountid":7527,"acctbusinessname":"OVRLEYDEV","acctcontactperson":"LEO DUMONTIER","acctcountry":"US","acctbearsfeeattransactiontime":1,"acctparent":1,"acctvpcmerchant":"N\/A","acctalias":null,"acctisliveapproved":0,"orderref":"URF_1537167942280_2107135","paymentplan":null,"paymentpage":null,"raveref":"RV31537167941040D1BF1F7CAC","amountsettledforthistransaction":19.35} [] []
[2018-09-17 07:24:07] flutterwave/rave.NOTICE: Generating Reference Number.... [] []
[2018-09-17 07:24:07] flutterwave/rave.NOTICE: Generated Reference Number....KRYP_5b9f569770d48 [] []
[2018-09-17 07:24:07] flutterwave/rave.NOTICE: Rave Class Initializes.... [] []
[2018-09-17 07:24:07] flutterwave/rave.NOTICE: Requerying Transaction....KRYP_5b9f568c8700c [] []
[2018-09-17 07:24:08] flutterwave/rave.WARNING: Requeryed an undecisive transaction....[] [] []
[2018-09-17 07:24:08] flutterwave/rave.NOTICE: delaying next requery for 3 seconds [] []
[2018-09-17 07:24:11] flutterwave/rave.NOTICE: Now retrying requery... [] []
[2018-09-17 07:24:11] flutterwave/rave.NOTICE: Requerying Transaction....KRYP_5b9f568c8700c [] []
[2018-09-17 07:24:12] flutterwave/rave.WARNING: Requeryed an undecisive transaction....[] [] []
[2018-09-17 07:24:12] flutterwave/rave.NOTICE: delaying next requery for 3 seconds [] []
[2018-09-17 07:24:15] flutterwave/rave.NOTICE: Now retrying requery... [] []
[2018-09-17 07:24:15] flutterwave/rave.NOTICE: Requerying Transaction....KRYP_5b9f568c8700c [] []
[2018-09-17 07:24:16] flutterwave/rave.WARNING: Requeryed an undecisive transaction....[] [] []
[2018-09-17 07:24:16] flutterwave/rave.NOTICE: delaying next requery for 3 seconds [] []
[2018-09-17 07:24:19] flutterwave/rave.NOTICE: Now retrying requery... [] []
[2018-09-17 07:24:19] flutterwave/rave.NOTICE: Requerying Transaction....KRYP_5b9f568c8700c [] []
[2018-09-17 07:24:19] flutterwave/rave.WARNING: Requeryed an undecisive transaction....[] [] []
[2018-09-17 07:24:19] flutterwave/rave.NOTICE: delaying next requery for 3 seconds [] []
[2018-09-17 07:24:22] flutterwave/rave.NOTICE: Now retrying requery... [] []
[2018-09-17 07:24:22] flutterwave/rave.NOTICE: Requerying Transaction....KRYP_5b9f568c8700c [] []
[2018-09-17 07:24:23] flutterwave/rave.WARNING: Requeryed an undecisive transaction....[] [] []
[2018-09-17 08:29:34] flutterwave/rave.NOTICE: Generating Reference Number.... [] []
[2018-09-17 08:29:34] flutterwave/rave.NOTICE: Generated Reference Number....KRYP_5b9f65ee4cd7f [] []
[2018-09-17 08:29:34] flutterwave/rave.NOTICE: Rave Class Initializes.... [] []
[2018-09-17 08:29:34] flutterwave/rave.NOTICE: Requerying Transaction....KRYP_5b9f65d3aa821 [] []
[2018-09-17 08:29:35] flutterwave/rave.NOTICE: Requeryed a successful transaction....{"txid":251410,"txref":"KRYP_5b9f65d3aa821","flwref":"FLW-MOCK-6c08da6048a24c4f9cd5007c988bcaef","devicefingerprint":"ee1bdfc08cea79ae862e0148239b80ac","cycle":"one-time","amount":20,"currency":"USD","chargedamount":20,"appfee":0.65,"merchantfee":0,"merchantbearsfee":1,"chargecode":"00","chargemessage":"Please enter the OTP sent to your mobile number 080****** and email te**@rave**.com","authmodel":"VBVSECURECODE","ip":"80.89.72.142","narration":"CARD Transaction ","status":"successful","vbvcode":"00","vbvmessage":"Approved. Successful","authurl":"https:\/\/ravesandboxapi.flutterwave.com\/mockvbvpage?ref=FLW-MOCK-6c08da6048a24c4f9cd5007c988bcaef&code=00&message=Approved. Successful&receiptno=RN1537172966879","acctcode":"RN1537172966879","acctmessage":null,"paymenttype":"card","paymentid":"861","fraudstatus":"ok","chargetype":"normal","createdday":1,"createddayname":"MONDAY","createdweek":38,"createdmonth":8,"createdmonthname":"SEPTEMBER","createdquarter":3,"createdyear":2018,"createdyearisleap":false,"createddayispublicholiday":0,"createdhour":8,"createdminute":29,"createdpmam":"am","created":"2018-09-17T08:29:26.000Z","customerid":50274,"custphone":null,"custnetworkprovider":"N\/A","custname":"LEO DUMONTIER ","custemail":"hello@ovrley.com","custemailprovider":"COMPANY EMAIL","custcreated":"2018-09-17T08:29:26.000Z","accountid":7527,"acctbusinessname":"OVRLEYDEV","acctcontactperson":"LEO DUMONTIER","acctcountry":"US","acctbearsfeeattransactiontime":1,"acctparent":1,"acctvpcmerchant":"N\/A","acctalias":null,"acctisliveapproved":0,"orderref":"URF_1537172966803_8660935","paymentplan":null,"paymentpage":null,"raveref":"RV315371729657421692185663","amountsettledforthistransaction":19.35} [] []
