[2018-09-05 12:58:41] flutterwave/rave.NOTICE: Generating Reference Number.... [] []
[2018-09-05 12:58:41] flutterwave/rave.NOTICE: Generated Reference Number....KRYP__5b8fd30182086 [] []
[2018-09-05 12:58:41] flutterwave/rave.NOTICE: Rave Class Initializes.... [] []
[2018-09-05 12:58:48] flutterwave/rave.NOTICE: Generating Reference Number.... [] []
[2018-09-05 12:58:48] flutterwave/rave.NOTICE: Generated Reference Number....KRYP__5b8fd308c1ea1 [] []
[2018-09-05 12:58:48] flutterwave/rave.NOTICE: Rave Class Initializes.... [] []
[2018-09-05 13:01:54] flutterwave/rave.NOTICE: Generating Reference Number.... [] []
[2018-09-05 13:01:54] flutterwave/rave.NOTICE: Generated Reference Number....KRYP__5b8fd3c27086e [] []
[2018-09-05 13:01:54] flutterwave/rave.NOTICE: Rave Class Initializes.... [] []
[2018-09-05 13:01:57] flutterwave/rave.NOTICE: Generating Reference Number.... [] []
[2018-09-05 13:01:57] flutterwave/rave.NOTICE: Generated Reference Number....KRYP__5b8fd3c5b589a [] []
[2018-09-05 13:01:57] flutterwave/rave.NOTICE: Rave Class Initializes.... [] []
[2018-09-05 13:02:41] flutterwave/rave.NOTICE: Generating Reference Number.... [] []
[2018-09-05 13:02:41] flutterwave/rave.NOTICE: Generated Reference Number....KRYP__5b8fd3f15ca54 [] []
[2018-09-05 13:02:41] flutterwave/rave.NOTICE: Rave Class Initializes.... [] []
[2018-09-05 13:02:42] flutterwave/rave.NOTICE: Generating Reference Number.... [] []
[2018-09-05 13:02:42] flutterwave/rave.NOTICE: Generated Reference Number....KRYP__5b8fd3f22c070 [] []
[2018-09-05 13:02:42] flutterwave/rave.NOTICE: Rave Class Initializes.... [] []
[2018-09-05 13:02:42] flutterwave/rave.NOTICE: Generating Reference Number.... [] []
[2018-09-05 13:02:42] flutterwave/rave.NOTICE: Generated Reference Number....KRYP__5b8fd3f2a59ec [] []
[2018-09-05 13:02:42] flutterwave/rave.NOTICE: Rave Class Initializes.... [] []
[2018-09-05 13:13:54] flutterwave/rave.NOTICE: Generating Reference Number.... [] []
[2018-09-05 13:13:54] flutterwave/rave.NOTICE: Generated Reference Number....KRYP__5b8fd69285d20 [] []
[2018-09-05 13:13:54] flutterwave/rave.NOTICE: Rave Class Initializes.... [] []
[2018-09-05 13:14:22] flutterwave/rave.NOTICE: Generating Reference Number.... [] []
[2018-09-05 13:14:22] flutterwave/rave.NOTICE: Generated Reference Number....KRYP__5b8fd6ae36508 [] []
[2018-09-05 13:14:22] flutterwave/rave.NOTICE: Rave Class Initializes.... [] []
[2018-09-05 13:14:25] flutterwave/rave.NOTICE: Generating Reference Number.... [] []
[2018-09-05 13:14:25] flutterwave/rave.NOTICE: Generated Reference Number....KRYP__5b8fd6b1e68ed [] []
[2018-09-05 13:14:25] flutterwave/rave.NOTICE: Rave Class Initializes.... [] []
[2018-09-05 13:14:27] flutterwave/rave.NOTICE: Generating Reference Number.... [] []
[2018-09-05 13:14:27] flutterwave/rave.NOTICE: Generated Reference Number....KRYP__5b8fd6b34f0d8 [] []
[2018-09-05 13:14:27] flutterwave/rave.NOTICE: Rave Class Initializes.... [] []
[2018-09-05 13:23:07] flutterwave/rave.NOTICE: Generating Reference Number.... [] []
[2018-09-05 13:23:07] flutterwave/rave.NOTICE: Generated Reference Number....KRYP__5b8fd8bb21988 [] []
[2018-09-05 13:23:07] flutterwave/rave.NOTICE: Rave Class Initializes.... [] []
[2018-09-05 13:23:07] flutterwave/rave.NOTICE: Generating Reference Number.... [] []
[2018-09-05 13:23:07] flutterwave/rave.NOTICE: Generated Reference Number....KRYP__5b8fd8bb21a33 [] []
[2018-09-05 13:23:07] flutterwave/rave.NOTICE: Rave Class Initializes.... [] []
[2018-09-05 13:23:07] flutterwave/rave.NOTICE: Requerying Transaction....URF_1536150470709_5817735 [] []
[2018-09-05 13:23:09] flutterwave/rave.WARNING: Requeryed an undecisive transaction....[] [] []
[2018-09-05 13:23:09] flutterwave/rave.NOTICE: delaying next requery for 3 seconds [] []
[2018-09-05 13:23:12] flutterwave/rave.NOTICE: Now retrying requery... [] []
[2018-09-05 13:23:12] flutterwave/rave.NOTICE: Requerying Transaction....URF_1536150470709_5817735 [] []
[2018-09-05 13:23:13] flutterwave/rave.WARNING: Requeryed an undecisive transaction....[] [] []
[2018-09-05 13:23:13] flutterwave/rave.NOTICE: delaying next requery for 3 seconds [] []
[2018-09-05 13:23:16] flutterwave/rave.NOTICE: Now retrying requery... [] []
[2018-09-05 13:23:16] flutterwave/rave.NOTICE: Requerying Transaction....URF_1536150470709_5817735 [] []
[2018-09-05 13:23:16] flutterwave/rave.WARNING: Requeryed an undecisive transaction....[] [] []
[2018-09-05 13:23:16] flutterwave/rave.NOTICE: delaying next requery for 3 seconds [] []
[2018-09-05 13:23:19] flutterwave/rave.NOTICE: Now retrying requery... [] []
[2018-09-05 13:23:19] flutterwave/rave.NOTICE: Requerying Transaction....URF_1536150470709_5817735 [] []
[2018-09-05 13:23:28] flutterwave/rave.WARNING: Requeryed an undecisive transaction....[] [] []
[2018-09-05 13:23:28] flutterwave/rave.NOTICE: delaying next requery for 3 seconds [] []
[2018-09-05 13:23:31] flutterwave/rave.NOTICE: Now retrying requery... [] []
[2018-09-05 13:23:31] flutterwave/rave.NOTICE: Requerying Transaction....URF_1536150470709_5817735 [] []
[2018-09-05 13:23:32] flutterwave/rave.WARNING: Requeryed an undecisive transaction....[] [] []
[2018-09-05 13:23:49] flutterwave/rave.NOTICE: Generating Reference Number.... [] []
[2018-09-05 13:23:49] flutterwave/rave.NOTICE: Generated Reference Number....KRYP__5b8fd8e586bac [] []
[2018-09-05 13:23:49] flutterwave/rave.NOTICE: Rave Class Initializes.... [] []
[2018-09-05 13:23:49] flutterwave/rave.NOTICE: Generating Reference Number.... [] []
[2018-09-05 13:23:49] flutterwave/rave.NOTICE: Generated Reference Number....KRYP__5b8fd8e586cb0 [] []
[2018-09-05 13:23:49] flutterwave/rave.NOTICE: Rave Class Initializes.... [] []
[2018-09-05 13:23:49] flutterwave/rave.NOTICE: Requerying Transaction....URF_1536150470709_5817735 [] []
[2018-09-05 13:23:50] flutterwave/rave.WARNING: Requeryed an undecisive transaction....[] [] []
[2018-09-05 13:23:50] flutterwave/rave.NOTICE: delaying next requery for 3 seconds [] []
[2018-09-05 13:23:53] flutterwave/rave.NOTICE: Now retrying requery... [] []
[2018-09-05 13:23:53] flutterwave/rave.NOTICE: Requerying Transaction....URF_1536150470709_5817735 [] []
[2018-09-05 13:23:54] flutterwave/rave.WARNING: Requeryed an undecisive transaction....[] [] []
[2018-09-05 13:23:54] flutterwave/rave.NOTICE: delaying next requery for 3 seconds [] []
[2018-09-05 13:23:57] flutterwave/rave.NOTICE: Now retrying requery... [] []
[2018-09-05 13:23:57] flutterwave/rave.NOTICE: Requerying Transaction....URF_1536150470709_5817735 [] []
[2018-09-05 13:23:57] flutterwave/rave.WARNING: Requeryed an undecisive transaction....[] [] []
[2018-09-05 13:23:57] flutterwave/rave.NOTICE: delaying next requery for 3 seconds [] []
[2018-09-05 13:24:00] flutterwave/rave.NOTICE: Now retrying requery... [] []
[2018-09-05 13:24:00] flutterwave/rave.NOTICE: Requerying Transaction....URF_1536150470709_5817735 [] []
[2018-09-05 13:24:01] flutterwave/rave.WARNING: Requeryed an undecisive transaction....[] [] []
[2018-09-05 13:24:01] flutterwave/rave.NOTICE: delaying next requery for 3 seconds [] []
[2018-09-05 13:24:04] flutterwave/rave.NOTICE: Now retrying requery... [] []
[2018-09-05 13:24:04] flutterwave/rave.NOTICE: Requerying Transaction....URF_1536150470709_5817735 [] []
[2018-09-05 13:24:05] flutterwave/rave.WARNING: Requeryed an undecisive transaction....[] [] []
[2018-09-05 13:26:25] flutterwave/rave.NOTICE: Generating Reference Number.... [] []
[2018-09-05 13:26:25] flutterwave/rave.NOTICE: Generated Reference Number....KRYP__5b8fd981eacbb [] []
[2018-09-05 13:26:25] flutterwave/rave.NOTICE: Rave Class Initializes.... [] []
[2018-09-05 13:26:25] flutterwave/rave.NOTICE: Generating Reference Number.... [] []
[2018-09-05 13:26:25] flutterwave/rave.NOTICE: Generated Reference Number....KRYP__5b8fd981eadc1 [] []
[2018-09-05 13:26:25] flutterwave/rave.NOTICE: Rave Class Initializes.... [] []
[2018-09-05 13:26:25] flutterwave/rave.NOTICE: Requerying Transaction....URF_1536150470709_5817735 [] []
[2018-09-05 13:26:26] flutterwave/rave.WARNING: Requeryed an undecisive transaction....[] [] []
[2018-09-05 13:26:26] flutterwave/rave.NOTICE: delaying next requery for 3 seconds [] []
[2018-09-05 13:26:29] flutterwave/rave.NOTICE: Now retrying requery... [] []
[2018-09-05 13:26:29] flutterwave/rave.NOTICE: Requerying Transaction....URF_1536150470709_5817735 [] []
[2018-09-05 13:26:30] flutterwave/rave.WARNING: Requeryed an undecisive transaction....[] [] []
[2018-09-05 13:26:30] flutterwave/rave.NOTICE: delaying next requery for 3 seconds [] []
[2018-09-05 13:26:33] flutterwave/rave.NOTICE: Now retrying requery... [] []
[2018-09-05 13:26:33] flutterwave/rave.NOTICE: Requerying Transaction....URF_1536150470709_5817735 [] []
[2018-09-05 13:26:33] flutterwave/rave.WARNING: Requeryed an undecisive transaction....[] [] []
[2018-09-05 13:26:33] flutterwave/rave.NOTICE: delaying next requery for 3 seconds [] []
[2018-09-05 13:26:36] flutterwave/rave.NOTICE: Now retrying requery... [] []
[2018-09-05 13:26:36] flutterwave/rave.NOTICE: Requerying Transaction....URF_1536150470709_5817735 [] []
[2018-09-05 13:26:37] flutterwave/rave.WARNING: Requeryed an undecisive transaction....[] [] []
[2018-09-05 13:26:37] flutterwave/rave.NOTICE: delaying next requery for 3 seconds [] []
[2018-09-05 13:26:40] flutterwave/rave.NOTICE: Now retrying requery... [] []
[2018-09-05 13:26:40] flutterwave/rave.NOTICE: Requerying Transaction....URF_1536150470709_5817735 [] []
[2018-09-05 13:26:41] flutterwave/rave.WARNING: Requeryed an undecisive transaction....[] [] []
[2018-09-05 13:26:49] flutterwave/rave.NOTICE: Generating Reference Number.... [] []
[2018-09-05 13:26:49] flutterwave/rave.NOTICE: Generated Reference Number....KRYP__5b8fd999803ff [] []
[2018-09-05 13:26:49] flutterwave/rave.NOTICE: Rave Class Initializes.... [] []
[2018-09-05 13:26:49] flutterwave/rave.NOTICE: Generating Reference Number.... [] []
[2018-09-05 13:26:49] flutterwave/rave.NOTICE: Generated Reference Number....KRYP__5b8fd999804e7 [] []
[2018-09-05 13:26:49] flutterwave/rave.NOTICE: Rave Class Initializes.... [] []
[2018-09-05 13:26:49] flutterwave/rave.NOTICE: Requerying Transaction....URF_1536150470709_5817735 [] []
[2018-09-05 13:26:50] flutterwave/rave.WARNING: Requeryed an undecisive transaction....[] [] []
[2018-09-05 13:26:50] flutterwave/rave.NOTICE: delaying next requery for 3 seconds [] []
[2018-09-05 13:26:53] flutterwave/rave.NOTICE: Now retrying requery... [] []
[2018-09-05 13:26:53] flutterwave/rave.NOTICE: Requerying Transaction....URF_1536150470709_5817735 [] []
[2018-09-05 13:26:53] flutterwave/rave.WARNING: Requeryed an undecisive transaction....[] [] []
[2018-09-05 13:26:53] flutterwave/rave.NOTICE: delaying next requery for 3 seconds [] []
[2018-09-05 13:26:56] flutterwave/rave.NOTICE: Now retrying requery... [] []
[2018-09-05 13:26:56] flutterwave/rave.NOTICE: Requerying Transaction....URF_1536150470709_5817735 [] []
[2018-09-05 13:26:57] flutterwave/rave.WARNING: Requeryed an undecisive transaction....[] [] []
[2018-09-05 13:26:57] flutterwave/rave.NOTICE: delaying next requery for 3 seconds [] []
[2018-09-05 13:27:00] flutterwave/rave.NOTICE: Now retrying requery... [] []
[2018-09-05 13:27:00] flutterwave/rave.NOTICE: Requerying Transaction....URF_1536150470709_5817735 [] []
[2018-09-05 13:27:01] flutterwave/rave.WARNING: Requeryed an undecisive transaction....[] [] []
[2018-09-05 13:27:01] flutterwave/rave.NOTICE: delaying next requery for 3 seconds [] []
[2018-09-05 13:27:04] flutterwave/rave.NOTICE: Now retrying requery... [] []
[2018-09-05 13:27:04] flutterwave/rave.NOTICE: Requerying Transaction....URF_1536150470709_5817735 [] []
[2018-09-05 13:27:04] flutterwave/rave.WARNING: Requeryed an undecisive transaction....[] [] []
[2018-09-05 13:27:17] flutterwave/rave.NOTICE: Generating Reference Number.... [] []
[2018-09-05 13:27:17] flutterwave/rave.NOTICE: Generated Reference Number....KRYP__5b8fd9b518111 [] []
[2018-09-05 13:27:17] flutterwave/rave.NOTICE: Rave Class Initializes.... [] []
[2018-09-05 13:27:42] flutterwave/rave.NOTICE: Generating Reference Number.... [] []
[2018-09-05 13:27:42] flutterwave/rave.NOTICE: Generated Reference Number....KRYP__5b8fd9ceb9011 [] []
[2018-09-05 13:27:42] flutterwave/rave.NOTICE: Rave Class Initializes.... [] []
[2018-09-05 13:27:42] flutterwave/rave.NOTICE: Generating Reference Number.... [] []
[2018-09-05 13:27:42] flutterwave/rave.NOTICE: Generated Reference Number....KRYP__5b8fd9ceb9173 [] []
[2018-09-05 13:27:42] flutterwave/rave.NOTICE: Rave Class Initializes.... [] []
[2018-09-05 13:27:42] flutterwave/rave.NOTICE: Requerying Transaction....URF_1536150470709_5817735 [] []
[2018-09-05 13:28:01] flutterwave/rave.WARNING: Requeryed an undecisive transaction....[] [] []
[2018-09-05 13:28:01] flutterwave/rave.NOTICE: delaying next requery for 3 seconds [] []
[2018-09-05 13:28:04] flutterwave/rave.NOTICE: Now retrying requery... [] []
[2018-09-05 13:28:04] flutterwave/rave.NOTICE: Requerying Transaction....URF_1536150470709_5817735 [] []
[2018-09-05 13:28:05] flutterwave/rave.WARNING: Requeryed an undecisive transaction....[] [] []
[2018-09-05 13:28:05] flutterwave/rave.NOTICE: delaying next requery for 3 seconds [] []
[2018-09-05 13:28:08] flutterwave/rave.NOTICE: Now retrying requery... [] []
[2018-09-05 13:28:08] flutterwave/rave.NOTICE: Requerying Transaction....URF_1536150470709_5817735 [] []
[2018-09-05 13:28:08] flutterwave/rave.WARNING: Requeryed an undecisive transaction....[] [] []
[2018-09-05 13:28:08] flutterwave/rave.NOTICE: delaying next requery for 3 seconds [] []
[2018-09-05 13:28:11] flutterwave/rave.NOTICE: Now retrying requery... [] []
[2018-09-05 13:28:11] flutterwave/rave.NOTICE: Requerying Transaction....URF_1536150470709_5817735 [] []
[2018-09-05 13:28:12] flutterwave/rave.WARNING: Requeryed an undecisive transaction....[] [] []
[2018-09-05 13:28:12] flutterwave/rave.NOTICE: delaying next requery for 3 seconds [] []
[2018-09-05 13:28:15] flutterwave/rave.NOTICE: Now retrying requery... [] []
[2018-09-05 13:28:15] flutterwave/rave.NOTICE: Requerying Transaction....URF_1536150470709_5817735 [] []
[2018-09-05 13:28:15] flutterwave/rave.WARNING: Requeryed an undecisive transaction....[] [] []
[2018-09-05 13:29:02] flutterwave/rave.NOTICE: Generating Reference Number.... [] []
[2018-09-05 13:29:02] flutterwave/rave.NOTICE: Generated Reference Number....KRYP__5b8fda1ecfd81 [] []
[2018-09-05 13:29:02] flutterwave/rave.NOTICE: Rave Class Initializes.... [] []
[2018-09-05 13:29:02] flutterwave/rave.NOTICE: Generating Reference Number.... [] []
[2018-09-05 13:29:02] flutterwave/rave.NOTICE: Generated Reference Number....KRYP__5b8fda1ecfe34 [] []
[2018-09-05 13:29:02] flutterwave/rave.NOTICE: Rave Class Initializes.... [] []
[2018-09-05 13:29:02] flutterwave/rave.NOTICE: Requerying Transaction....URF_1536150470709_5817735x [] []
[2018-09-05 13:29:03] flutterwave/rave.WARNING: Requeryed an undecisive transaction....[] [] []
[2018-09-05 13:29:03] flutterwave/rave.NOTICE: delaying next requery for 3 seconds [] []
[2018-09-05 13:29:06] flutterwave/rave.NOTICE: Now retrying requery... [] []
[2018-09-05 13:29:06] flutterwave/rave.NOTICE: Requerying Transaction....URF_1536150470709_5817735x [] []
[2018-09-05 13:29:07] flutterwave/rave.WARNING: Requeryed an undecisive transaction....[] [] []
[2018-09-05 13:29:07] flutterwave/rave.NOTICE: delaying next requery for 3 seconds [] []
[2018-09-05 13:29:10] flutterwave/rave.NOTICE: Now retrying requery... [] []
[2018-09-05 13:29:10] flutterwave/rave.NOTICE: Requerying Transaction....URF_1536150470709_5817735x [] []
[2018-09-05 13:29:10] flutterwave/rave.WARNING: Requeryed an undecisive transaction....[] [] []
[2018-09-05 13:29:10] flutterwave/rave.NOTICE: delaying next requery for 3 seconds [] []
[2018-09-05 13:29:13] flutterwave/rave.NOTICE: Now retrying requery... [] []
[2018-09-05 13:29:13] flutterwave/rave.NOTICE: Requerying Transaction....URF_1536150470709_5817735x [] []
[2018-09-05 13:29:14] flutterwave/rave.WARNING: Requeryed an undecisive transaction....[] [] []
[2018-09-05 13:29:14] flutterwave/rave.NOTICE: delaying next requery for 3 seconds [] []
[2018-09-05 13:29:17] flutterwave/rave.NOTICE: Now retrying requery... [] []
[2018-09-05 13:29:17] flutterwave/rave.NOTICE: Requerying Transaction....URF_1536150470709_5817735x [] []
[2018-09-05 13:29:18] flutterwave/rave.WARNING: Requeryed an undecisive transaction....[] [] []
[2018-09-05 13:30:37] flutterwave/rave.NOTICE: Generating Reference Number.... [] []
[2018-09-05 13:30:37] flutterwave/rave.NOTICE: Generated Reference Number....KRYP__5b8fda7d6fead [] []
[2018-09-05 13:30:37] flutterwave/rave.NOTICE: Rave Class Initializes.... [] []
[2018-09-05 13:30:37] flutterwave/rave.NOTICE: Generating Reference Number.... [] []
[2018-09-05 13:30:37] flutterwave/rave.NOTICE: Generated Reference Number....KRYP__5b8fda7d6ff79 [] []
[2018-09-05 13:30:37] flutterwave/rave.NOTICE: Rave Class Initializes.... [] []
[2018-09-05 13:30:37] flutterwave/rave.NOTICE: Requerying Transaction....KRYP__5b8fcb9ae56ec [] []
[2018-09-05 13:30:38] flutterwave/rave.NOTICE: Requeryed a successful transaction....{"txid":240012,"txref":"KRYP__5b8fcb9ae56ec","flwref":"FLW-MOCK-31de30d8442bb128a6e7fe07eb8da03e","devicefingerprint":"ee1bdfc08cea79ae862e0148239b80ac","cycle":"one-time","amount":10,"currency":"NGN","chargedamount":10,"appfee":0.14,"merchantfee":0,"merchantbearsfee":1,"chargecode":"00","chargemessage":"Please enter the OTP sent to your mobile number 080****** and email te**@rave**.com","authmodel":"PIN","ip":"212.3.193.156","narration":"CARD Transaction ","status":"successful","vbvcode":"00","vbvmessage":"successful","authurl":"N\/A","acctcode":null,"acctmessage":null,"paymenttype":"card","paymentid":"861","fraudstatus":"ok","chargetype":"normal","createdday":3,"createddayname":"WEDNESDAY","createdweek":36,"createdmonth":8,"createdmonthname":"SEPTEMBER","createdquarter":3,"createdyear":2018,"createdyearisleap":false,"createddayispublicholiday":0,"createdhour":12,"createdminute":27,"createdpmam":"pm","created":"2018-09-05T12:27:50.000Z","customerid":48036,"custphone":null,"custnetworkprovider":"N\/A","custname":"DUMONTIER ","custemail":"l.dumontier@ovrley.com","custemailprovider":"COMPANY EMAIL","custcreated":"2018-09-05T12:27:50.000Z","accountid":7527,"acctbusinessname":"OVRLEYDEV","acctcontactperson":"LEO DUMONTIER","acctcountry":"US","acctbearsfeeattransactiontime":1,"acctparent":1,"acctvpcmerchant":"N\/A","acctalias":null,"acctisliveapproved":0,"orderref":"URF_1536150470709_5817735","paymentplan":null,"paymentpage":null,"raveref":"RV31536150469604854AD25DBF","amountsettledforthistransaction":9.86} [] []
[2018-09-05 13:30:40] flutterwave/rave.NOTICE: Generating Reference Number.... [] []
[2018-09-05 13:30:40] flutterwave/rave.NOTICE: Generated Reference Number....KRYP__5b8fda806c05c [] []
[2018-09-05 13:30:40] flutterwave/rave.NOTICE: Rave Class Initializes.... [] []
[2018-09-05 13:30:40] flutterwave/rave.NOTICE: Generating Reference Number.... [] []
[2018-09-05 13:30:40] flutterwave/rave.NOTICE: Generated Reference Number....KRYP__5b8fda806c110 [] []
[2018-09-05 13:30:40] flutterwave/rave.NOTICE: Rave Class Initializes.... [] []
[2018-09-05 13:30:40] flutterwave/rave.NOTICE: Requerying Transaction....KRYP__5b8fcb9ae56ec [] []
[2018-09-05 13:30:41] flutterwave/rave.NOTICE: Requeryed a successful transaction....{"txid":240012,"txref":"KRYP__5b8fcb9ae56ec","flwref":"FLW-MOCK-31de30d8442bb128a6e7fe07eb8da03e","devicefingerprint":"ee1bdfc08cea79ae862e0148239b80ac","cycle":"one-time","amount":10,"currency":"NGN","chargedamount":10,"appfee":0.14,"merchantfee":0,"merchantbearsfee":1,"chargecode":"00","chargemessage":"Please enter the OTP sent to your mobile number 080****** and email te**@rave**.com","authmodel":"PIN","ip":"212.3.193.156","narration":"CARD Transaction ","status":"successful","vbvcode":"00","vbvmessage":"successful","authurl":"N\/A","acctcode":null,"acctmessage":null,"paymenttype":"card","paymentid":"861","fraudstatus":"ok","chargetype":"normal","createdday":3,"createddayname":"WEDNESDAY","createdweek":36,"createdmonth":8,"createdmonthname":"SEPTEMBER","createdquarter":3,"createdyear":2018,"createdyearisleap":false,"createddayispublicholiday":0,"createdhour":12,"createdminute":27,"createdpmam":"pm","created":"2018-09-05T12:27:50.000Z","customerid":48036,"custphone":null,"custnetworkprovider":"N\/A","custname":"DUMONTIER ","custemail":"l.dumontier@ovrley.com","custemailprovider":"COMPANY EMAIL","custcreated":"2018-09-05T12:27:50.000Z","accountid":7527,"acctbusinessname":"OVRLEYDEV","acctcontactperson":"LEO DUMONTIER","acctcountry":"US","acctbearsfeeattransactiontime":1,"acctparent":1,"acctvpcmerchant":"N\/A","acctalias":null,"acctisliveapproved":0,"orderref":"URF_1536150470709_5817735","paymentplan":null,"paymentpage":null,"raveref":"RV31536150469604854AD25DBF","amountsettledforthistransaction":9.86} [] []
[2018-09-05 13:32:51] flutterwave/rave.NOTICE: Generating Reference Number.... [] []
[2018-09-05 13:32:51] flutterwave/rave.NOTICE: Generated Reference Number....KRYP__5b8fdb0334bfd [] []
[2018-09-05 13:32:51] flutterwave/rave.NOTICE: Rave Class Initializes.... [] []
[2018-09-05 13:32:51] flutterwave/rave.NOTICE: Generating Reference Number.... [] []
[2018-09-05 13:32:51] flutterwave/rave.NOTICE: Generated Reference Number....KRYP__5b8fdb0334e07 [] []
[2018-09-05 13:32:51] flutterwave/rave.NOTICE: Rave Class Initializes.... [] []
[2018-09-05 13:32:51] flutterwave/rave.NOTICE: Requerying Transaction....KRYP__5b8fcb9ae56ec [] []
[2018-09-05 13:32:52] flutterwave/rave.NOTICE: Requeryed a successful transaction....{"txid":240012,"txref":"KRYP__5b8fcb9ae56ec","flwref":"FLW-MOCK-31de30d8442bb128a6e7fe07eb8da03e","devicefingerprint":"ee1bdfc08cea79ae862e0148239b80ac","cycle":"one-time","amount":10,"currency":"NGN","chargedamount":10,"appfee":0.14,"merchantfee":0,"merchantbearsfee":1,"chargecode":"00","chargemessage":"Please enter the OTP sent to your mobile number 080****** and email te**@rave**.com","authmodel":"PIN","ip":"212.3.193.156","narration":"CARD Transaction ","status":"successful","vbvcode":"00","vbvmessage":"successful","authurl":"N\/A","acctcode":null,"acctmessage":null,"paymenttype":"card","paymentid":"861","fraudstatus":"ok","chargetype":"normal","createdday":3,"createddayname":"WEDNESDAY","createdweek":36,"createdmonth":8,"createdmonthname":"SEPTEMBER","createdquarter":3,"createdyear":2018,"createdyearisleap":false,"createddayispublicholiday":0,"createdhour":12,"createdminute":27,"createdpmam":"pm","created":"2018-09-05T12:27:50.000Z","customerid":48036,"custphone":null,"custnetworkprovider":"N\/A","custname":"DUMONTIER ","custemail":"l.dumontier@ovrley.com","custemailprovider":"COMPANY EMAIL","custcreated":"2018-09-05T12:27:50.000Z","accountid":7527,"acctbusinessname":"OVRLEYDEV","acctcontactperson":"LEO DUMONTIER","acctcountry":"US","acctbearsfeeattransactiontime":1,"acctparent":1,"acctvpcmerchant":"N\/A","acctalias":null,"acctisliveapproved":0,"orderref":"URF_1536150470709_5817735","paymentplan":null,"paymentpage":null,"raveref":"RV31536150469604854AD25DBF","amountsettledforthistransaction":9.86} [] []
[2018-09-05 13:33:02] flutterwave/rave.NOTICE: Generating Reference Number.... [] []
[2018-09-05 13:33:02] flutterwave/rave.NOTICE: Generated Reference Number....KRYP__5b8fdb0eef2b0 [] []
[2018-09-05 13:33:02] flutterwave/rave.NOTICE: Rave Class Initializes.... [] []
[2018-09-05 13:33:02] flutterwave/rave.NOTICE: Generating Reference Number.... [] []
[2018-09-05 13:33:02] flutterwave/rave.NOTICE: Generated Reference Number....KRYP__5b8fdb0eef36d [] []
[2018-09-05 13:33:02] flutterwave/rave.NOTICE: Rave Class Initializes.... [] []
[2018-09-05 13:33:02] flutterwave/rave.NOTICE: Requerying Transaction....KRYP__5b8fcb9ae56e [] []
[2018-09-05 13:33:03] flutterwave/rave.WARNING: Requeryed an undecisive transaction....[] [] []
[2018-09-05 13:33:03] flutterwave/rave.NOTICE: delaying next requery for 3 seconds [] []
[2018-09-05 13:33:06] flutterwave/rave.NOTICE: Now retrying requery... [] []
[2018-09-05 13:33:06] flutterwave/rave.NOTICE: Requerying Transaction....KRYP__5b8fcb9ae56e [] []
[2018-09-05 13:33:07] flutterwave/rave.WARNING: Requeryed an undecisive transaction....[] [] []
[2018-09-05 13:33:07] flutterwave/rave.NOTICE: delaying next requery for 3 seconds [] []
[2018-09-05 13:33:10] flutterwave/rave.NOTICE: Now retrying requery... [] []
[2018-09-05 13:33:10] flutterwave/rave.NOTICE: Requerying Transaction....KRYP__5b8fcb9ae56e [] []
[2018-09-05 13:33:11] flutterwave/rave.WARNING: Requeryed an undecisive transaction....[] [] []
[2018-09-05 13:33:11] flutterwave/rave.NOTICE: delaying next requery for 3 seconds [] []
[2018-09-05 13:33:14] flutterwave/rave.NOTICE: Now retrying requery... [] []
[2018-09-05 13:33:14] flutterwave/rave.NOTICE: Requerying Transaction....KRYP__5b8fcb9ae56e [] []
[2018-09-05 13:33:14] flutterwave/rave.WARNING: Requeryed an undecisive transaction....[] [] []
[2018-09-05 13:33:14] flutterwave/rave.NOTICE: delaying next requery for 3 seconds [] []
[2018-09-05 13:33:17] flutterwave/rave.NOTICE: Now retrying requery... [] []
[2018-09-05 13:33:17] flutterwave/rave.NOTICE: Requerying Transaction....KRYP__5b8fcb9ae56e [] []
[2018-09-05 13:33:18] flutterwave/rave.WARNING: Requeryed an undecisive transaction....[] [] []
[2018-09-05 13:35:20] flutterwave/rave.NOTICE: Generating Reference Number.... [] []
[2018-09-05 13:35:20] flutterwave/rave.NOTICE: Generated Reference Number....KRYP__5b8fdb9865605 [] []
[2018-09-05 13:35:20] flutterwave/rave.NOTICE: Rave Class Initializes.... [] []
[2018-09-05 13:35:20] flutterwave/rave.NOTICE: Generating Reference Number.... [] []
[2018-09-05 13:35:20] flutterwave/rave.NOTICE: Generated Reference Number....KRYP__5b8fdb986587a [] []
[2018-09-05 13:35:20] flutterwave/rave.NOTICE: Rave Class Initializes.... [] []
[2018-09-05 13:35:20] flutterwave/rave.NOTICE: Requerying Transaction....KRYP__5b8fcb9ae56ec [] []
[2018-09-05 13:35:21] flutterwave/rave.NOTICE: Requeryed a successful transaction....{"txid":240012,"txref":"KRYP__5b8fcb9ae56ec","flwref":"FLW-MOCK-31de30d8442bb128a6e7fe07eb8da03e","devicefingerprint":"ee1bdfc08cea79ae862e0148239b80ac","cycle":"one-time","amount":10,"currency":"NGN","chargedamount":10,"appfee":0.14,"merchantfee":0,"merchantbearsfee":1,"chargecode":"00","chargemessage":"Please enter the OTP sent to your mobile number 080****** and email te**@rave**.com","authmodel":"PIN","ip":"212.3.193.156","narration":"CARD Transaction ","status":"successful","vbvcode":"00","vbvmessage":"successful","authurl":"N\/A","acctcode":null,"acctmessage":null,"paymenttype":"card","paymentid":"861","fraudstatus":"ok","chargetype":"normal","createdday":3,"createddayname":"WEDNESDAY","createdweek":36,"createdmonth":8,"createdmonthname":"SEPTEMBER","createdquarter":3,"createdyear":2018,"createdyearisleap":false,"createddayispublicholiday":0,"createdhour":12,"createdminute":27,"createdpmam":"pm","created":"2018-09-05T12:27:50.000Z","customerid":48036,"custphone":null,"custnetworkprovider":"N\/A","custname":"DUMONTIER ","custemail":"l.dumontier@ovrley.com","custemailprovider":"COMPANY EMAIL","custcreated":"2018-09-05T12:27:50.000Z","accountid":7527,"acctbusinessname":"OVRLEYDEV","acctcontactperson":"LEO DUMONTIER","acctcountry":"US","acctbearsfeeattransactiontime":1,"acctparent":1,"acctvpcmerchant":"N\/A","acctalias":null,"acctisliveapproved":0,"orderref":"URF_1536150470709_5817735","paymentplan":null,"paymentpage":null,"raveref":"RV31536150469604854AD25DBF","amountsettledforthistransaction":9.86} [] []
[2018-09-05 13:35:23] flutterwave/rave.NOTICE: Generating Reference Number.... [] []
[2018-09-05 13:35:23] flutterwave/rave.NOTICE: Generated Reference Number....KRYP__5b8fdb9bf2d9e [] []
[2018-09-05 13:35:23] flutterwave/rave.NOTICE: Rave Class Initializes.... [] []
[2018-09-05 13:35:23] flutterwave/rave.NOTICE: Generating Reference Number.... [] []
[2018-09-05 13:35:23] flutterwave/rave.NOTICE: Generated Reference Number....KRYP__5b8fdb9bf2f4b [] []
[2018-09-05 13:35:23] flutterwave/rave.NOTICE: Rave Class Initializes.... [] []
[2018-09-05 13:35:23] flutterwave/rave.NOTICE: Requerying Transaction....KRYP__5b8fcb9ae56ec [] []
[2018-09-05 13:35:24] flutterwave/rave.NOTICE: Requeryed a successful transaction....{"txid":240012,"txref":"KRYP__5b8fcb9ae56ec","flwref":"FLW-MOCK-31de30d8442bb128a6e7fe07eb8da03e","devicefingerprint":"ee1bdfc08cea79ae862e0148239b80ac","cycle":"one-time","amount":10,"currency":"NGN","chargedamount":10,"appfee":0.14,"merchantfee":0,"merchantbearsfee":1,"chargecode":"00","chargemessage":"Please enter the OTP sent to your mobile number 080****** and email te**@rave**.com","authmodel":"PIN","ip":"212.3.193.156","narration":"CARD Transaction ","status":"successful","vbvcode":"00","vbvmessage":"successful","authurl":"N\/A","acctcode":null,"acctmessage":null,"paymenttype":"card","paymentid":"861","fraudstatus":"ok","chargetype":"normal","createdday":3,"createddayname":"WEDNESDAY","createdweek":36,"createdmonth":8,"createdmonthname":"SEPTEMBER","createdquarter":3,"createdyear":2018,"createdyearisleap":false,"createddayispublicholiday":0,"createdhour":12,"createdminute":27,"createdpmam":"pm","created":"2018-09-05T12:27:50.000Z","customerid":48036,"custphone":null,"custnetworkprovider":"N\/A","custname":"DUMONTIER ","custemail":"l.dumontier@ovrley.com","custemailprovider":"COMPANY EMAIL","custcreated":"2018-09-05T12:27:50.000Z","accountid":7527,"acctbusinessname":"OVRLEYDEV","acctcontactperson":"LEO DUMONTIER","acctcountry":"US","acctbearsfeeattransactiontime":1,"acctparent":1,"acctvpcmerchant":"N\/A","acctalias":null,"acctisliveapproved":0,"orderref":"URF_1536150470709_5817735","paymentplan":null,"paymentpage":null,"raveref":"RV31536150469604854AD25DBF","amountsettledforthistransaction":9.86} [] []
[2018-09-05 13:35:29] flutterwave/rave.NOTICE: Generating Reference Number.... [] []
[2018-09-05 13:35:29] flutterwave/rave.NOTICE: Generated Reference Number....KRYP__5b8fdba1a9ef0 [] []
[2018-09-05 13:35:29] flutterwave/rave.NOTICE: Rave Class Initializes.... [] []
[2018-09-05 13:35:29] flutterwave/rave.NOTICE: Generating Reference Number.... [] []
[2018-09-05 13:35:29] flutterwave/rave.NOTICE: Generated Reference Number....KRYP__5b8fdba1aa157 [] []
[2018-09-05 13:35:29] flutterwave/rave.NOTICE: Rave Class Initializes.... [] []
[2018-09-05 13:35:29] flutterwave/rave.NOTICE: Requerying Transaction....KRYP__5b8fcb9ae56e [] []
[2018-09-05 13:35:30] flutterwave/rave.WARNING: Requeryed an undecisive transaction....[] [] []
[2018-09-05 13:35:30] flutterwave/rave.NOTICE: delaying next requery for 3 seconds [] []
[2018-09-05 13:35:33] flutterwave/rave.NOTICE: Now retrying requery... [] []
[2018-09-05 13:35:33] flutterwave/rave.NOTICE: Requerying Transaction....KRYP__5b8fcb9ae56e [] []
[2018-09-05 13:35:33] flutterwave/rave.WARNING: Requeryed an undecisive transaction....[] [] []
[2018-09-05 13:35:33] flutterwave/rave.NOTICE: delaying next requery for 3 seconds [] []
[2018-09-05 13:35:36] flutterwave/rave.NOTICE: Now retrying requery... [] []
[2018-09-05 13:35:36] flutterwave/rave.NOTICE: Requerying Transaction....KRYP__5b8fcb9ae56e [] []
[2018-09-05 13:35:38] flutterwave/rave.WARNING: Requeryed an undecisive transaction....[] [] []
[2018-09-05 13:35:38] flutterwave/rave.NOTICE: delaying next requery for 3 seconds [] []
[2018-09-05 13:35:41] flutterwave/rave.NOTICE: Now retrying requery... [] []
[2018-09-05 13:35:41] flutterwave/rave.NOTICE: Requerying Transaction....KRYP__5b8fcb9ae56e [] []
[2018-09-05 13:35:41] flutterwave/rave.WARNING: Requeryed an undecisive transaction....[] [] []
[2018-09-05 13:35:41] flutterwave/rave.NOTICE: delaying next requery for 3 seconds [] []
[2018-09-05 13:35:44] flutterwave/rave.NOTICE: Now retrying requery... [] []
[2018-09-05 13:35:44] flutterwave/rave.NOTICE: Requerying Transaction....KRYP__5b8fcb9ae56e [] []
[2018-09-05 13:35:45] flutterwave/rave.WARNING: Requeryed an undecisive transaction....[] [] []
[2018-09-05 13:36:30] flutterwave/rave.NOTICE: Generating Reference Number.... [] []
[2018-09-05 13:36:30] flutterwave/rave.NOTICE: Generated Reference Number....KRYP__5b8fdbded9beb [] []
[2018-09-05 13:36:30] flutterwave/rave.NOTICE: Rave Class Initializes.... [] []
[2018-09-05 13:36:30] flutterwave/rave.NOTICE: Generating Reference Number.... [] []
[2018-09-05 13:36:30] flutterwave/rave.NOTICE: Generated Reference Number....KRYP__5b8fdbded9d1c [] []
[2018-09-05 13:36:30] flutterwave/rave.NOTICE: Rave Class Initializes.... [] []
[2018-09-05 13:36:30] flutterwave/rave.NOTICE: Requerying Transaction....KRYP__5b8fcb9ae56ec [] []
[2018-09-05 13:36:31] flutterwave/rave.NOTICE: Requeryed a successful transaction....{"txid":240012,"txref":"KRYP__5b8fcb9ae56ec","flwref":"FLW-MOCK-31de30d8442bb128a6e7fe07eb8da03e","devicefingerprint":"ee1bdfc08cea79ae862e0148239b80ac","cycle":"one-time","amount":10,"currency":"NGN","chargedamount":10,"appfee":0.14,"merchantfee":0,"merchantbearsfee":1,"chargecode":"00","chargemessage":"Please enter the OTP sent to your mobile number 080****** and email te**@rave**.com","authmodel":"PIN","ip":"212.3.193.156","narration":"CARD Transaction ","status":"successful","vbvcode":"00","vbvmessage":"successful","authurl":"N\/A","acctcode":null,"acctmessage":null,"paymenttype":"card","paymentid":"861","fraudstatus":"ok","chargetype":"normal","createdday":3,"createddayname":"WEDNESDAY","createdweek":36,"createdmonth":8,"createdmonthname":"SEPTEMBER","createdquarter":3,"createdyear":2018,"createdyearisleap":false,"createddayispublicholiday":0,"createdhour":12,"createdminute":27,"createdpmam":"pm","created":"2018-09-05T12:27:50.000Z","customerid":48036,"custphone":null,"custnetworkprovider":"N\/A","custname":"DUMONTIER ","custemail":"l.dumontier@ovrley.com","custemailprovider":"COMPANY EMAIL","custcreated":"2018-09-05T12:27:50.000Z","accountid":7527,"acctbusinessname":"OVRLEYDEV","acctcontactperson":"LEO DUMONTIER","acctcountry":"US","acctbearsfeeattransactiontime":1,"acctparent":1,"acctvpcmerchant":"N\/A","acctalias":null,"acctisliveapproved":0,"orderref":"URF_1536150470709_5817735","paymentplan":null,"paymentpage":null,"raveref":"RV31536150469604854AD25DBF","amountsettledforthistransaction":9.86} [] []
[2018-09-05 13:40:56] flutterwave/rave.NOTICE: Generating Reference Number.... [] []
[2018-09-05 13:40:56] flutterwave/rave.NOTICE: Generated Reference Number....KRYP__5b8fdce857f27 [] []
[2018-09-05 13:40:56] flutterwave/rave.NOTICE: Rave Class Initializes.... [] []
[2018-09-05 13:40:56] flutterwave/rave.NOTICE: Generating Reference Number.... [] []
[2018-09-05 13:40:56] flutterwave/rave.NOTICE: Generated Reference Number....KRYP__5b8fdce857fd6 [] []
[2018-09-05 13:40:56] flutterwave/rave.NOTICE: Rave Class Initializes.... [] []
[2018-09-05 13:41:10] flutterwave/rave.NOTICE: Generating Reference Number.... [] []
[2018-09-05 13:41:10] flutterwave/rave.NOTICE: Generated Reference Number....KRYP__5b8fdcf69a496 [] []
[2018-09-05 13:41:10] flutterwave/rave.NOTICE: Rave Class Initializes.... [] []
[2018-09-05 13:41:10] flutterwave/rave.NOTICE: Generating Reference Number.... [] []
[2018-09-05 13:41:10] flutterwave/rave.NOTICE: Generated Reference Number....KRYP__5b8fdcf69a65d [] []
[2018-09-05 13:41:10] flutterwave/rave.NOTICE: Rave Class Initializes.... [] []
[2018-09-05 13:41:43] flutterwave/rave.NOTICE: Generating Reference Number.... [] []
[2018-09-05 13:41:43] flutterwave/rave.NOTICE: Generated Reference Number....KRYP__5b8fdd17355af [] []
[2018-09-05 13:41:43] flutterwave/rave.NOTICE: Rave Class Initializes.... [] []
[2018-09-05 13:41:43] flutterwave/rave.NOTICE: Generating Reference Number.... [] []
[2018-09-05 13:41:43] flutterwave/rave.NOTICE: Generated Reference Number....KRYP__5b8fdd173572d [] []
[2018-09-05 13:41:43] flutterwave/rave.NOTICE: Rave Class Initializes.... [] []
[2018-09-05 13:41:43] flutterwave/rave.NOTICE: Requerying Transaction....KRYP__5b8fcb9ae56ec [] []
[2018-09-05 13:41:44] flutterwave/rave.NOTICE: Requeryed a successful transaction....{"txid":240012,"txref":"KRYP__5b8fcb9ae56ec","flwref":"FLW-MOCK-31de30d8442bb128a6e7fe07eb8da03e","devicefingerprint":"ee1bdfc08cea79ae862e0148239b80ac","cycle":"one-time","amount":10,"currency":"NGN","chargedamount":10,"appfee":0.14,"merchantfee":0,"merchantbearsfee":1,"chargecode":"00","chargemessage":"Please enter the OTP sent to your mobile number 080****** and email te**@rave**.com","authmodel":"PIN","ip":"212.3.193.156","narration":"CARD Transaction ","status":"successful","vbvcode":"00","vbvmessage":"successful","authurl":"N\/A","acctcode":null,"acctmessage":null,"paymenttype":"card","paymentid":"861","fraudstatus":"ok","chargetype":"normal","createdday":3,"createddayname":"WEDNESDAY","createdweek":36,"createdmonth":8,"createdmonthname":"SEPTEMBER","createdquarter":3,"createdyear":2018,"createdyearisleap":false,"createddayispublicholiday":0,"createdhour":12,"createdminute":27,"createdpmam":"pm","created":"2018-09-05T12:27:50.000Z","customerid":48036,"custphone":null,"custnetworkprovider":"N\/A","custname":"DUMONTIER ","custemail":"l.dumontier@ovrley.com","custemailprovider":"COMPANY EMAIL","custcreated":"2018-09-05T12:27:50.000Z","accountid":7527,"acctbusinessname":"OVRLEYDEV","acctcontactperson":"LEO DUMONTIER","acctcountry":"US","acctbearsfeeattransactiontime":1,"acctparent":1,"acctvpcmerchant":"N\/A","acctalias":null,"acctisliveapproved":0,"orderref":"URF_1536150470709_5817735","paymentplan":null,"paymentpage":null,"raveref":"RV31536150469604854AD25DBF","amountsettledforthistransaction":9.86} [] []
[2018-09-05 13:44:39] flutterwave/rave.NOTICE: Generating Reference Number.... [] []
[2018-09-05 13:44:39] flutterwave/rave.NOTICE: Generated Reference Number....KRYP__5b8fddc71cba8 [] []
[2018-09-05 13:44:39] flutterwave/rave.NOTICE: Rave Class Initializes.... [] []
[2018-09-05 13:44:39] flutterwave/rave.NOTICE: Generating Reference Number.... [] []
[2018-09-05 13:44:39] flutterwave/rave.NOTICE: Generated Reference Number....KRYP__5b8fddc71cc57 [] []
[2018-09-05 13:44:39] flutterwave/rave.NOTICE: Rave Class Initializes.... [] []
[2018-09-05 13:45:00] flutterwave/rave.NOTICE: Generating Reference Number.... [] []
[2018-09-05 13:45:00] flutterwave/rave.NOTICE: Generated Reference Number....KRYP__5b8fdddc04ace [] []
[2018-09-05 13:45:00] flutterwave/rave.NOTICE: Rave Class Initializes.... [] []
[2018-09-05 13:45:00] flutterwave/rave.NOTICE: Generating Reference Number.... [] []
[2018-09-05 13:45:00] flutterwave/rave.NOTICE: Generated Reference Number....KRYP__5b8fdddc04b7a [] []
[2018-09-05 13:45:00] flutterwave/rave.NOTICE: Rave Class Initializes.... [] []
[2018-09-05 13:45:00] flutterwave/rave.NOTICE: Requerying Transaction....KRYP__5b8fcb9ae56ec [] []
[2018-09-05 13:45:00] flutterwave/rave.NOTICE: Requeryed a successful transaction....{"txid":240012,"txref":"KRYP__5b8fcb9ae56ec","flwref":"FLW-MOCK-31de30d8442bb128a6e7fe07eb8da03e","devicefingerprint":"ee1bdfc08cea79ae862e0148239b80ac","cycle":"one-time","amount":10,"currency":"NGN","chargedamount":10,"appfee":0.14,"merchantfee":0,"merchantbearsfee":1,"chargecode":"00","chargemessage":"Please enter the OTP sent to your mobile number 080****** and email te**@rave**.com","authmodel":"PIN","ip":"212.3.193.156","narration":"CARD Transaction ","status":"successful","vbvcode":"00","vbvmessage":"successful","authurl":"N\/A","acctcode":null,"acctmessage":null,"paymenttype":"card","paymentid":"861","fraudstatus":"ok","chargetype":"normal","createdday":3,"createddayname":"WEDNESDAY","createdweek":36,"createdmonth":8,"createdmonthname":"SEPTEMBER","createdquarter":3,"createdyear":2018,"createdyearisleap":false,"createddayispublicholiday":0,"createdhour":12,"createdminute":27,"createdpmam":"pm","created":"2018-09-05T12:27:50.000Z","customerid":48036,"custphone":null,"custnetworkprovider":"N\/A","custname":"DUMONTIER ","custemail":"l.dumontier@ovrley.com","custemailprovider":"COMPANY EMAIL","custcreated":"2018-09-05T12:27:50.000Z","accountid":7527,"acctbusinessname":"OVRLEYDEV","acctcontactperson":"LEO DUMONTIER","acctcountry":"US","acctbearsfeeattransactiontime":1,"acctparent":1,"acctvpcmerchant":"N\/A","acctalias":null,"acctisliveapproved":0,"orderref":"URF_1536150470709_5817735","paymentplan":null,"paymentpage":null,"raveref":"RV31536150469604854AD25DBF","amountsettledforthistransaction":9.86} [] []
[2018-09-05 13:45:44] flutterwave/rave.NOTICE: Generating Reference Number.... [] []
[2018-09-05 13:45:44] flutterwave/rave.NOTICE: Generated Reference Number....KRYP__5b8fde080ceee [] []
[2018-09-05 13:45:44] flutterwave/rave.NOTICE: Rave Class Initializes.... [] []
[2018-09-05 13:45:44] flutterwave/rave.NOTICE: Generating Reference Number.... [] []
[2018-09-05 13:45:44] flutterwave/rave.NOTICE: Generated Reference Number....KRYP__5b8fde080d07e [] []
[2018-09-05 13:45:44] flutterwave/rave.NOTICE: Rave Class Initializes.... [] []
[2018-09-05 13:45:44] flutterwave/rave.NOTICE: Requerying Transaction....KRYP__5b8fcb9ae56ec [] []
[2018-09-05 13:45:45] flutterwave/rave.NOTICE: Requeryed a successful transaction....{"txid":240012,"txref":"KRYP__5b8fcb9ae56ec","flwref":"FLW-MOCK-31de30d8442bb128a6e7fe07eb8da03e","devicefingerprint":"ee1bdfc08cea79ae862e0148239b80ac","cycle":"one-time","amount":10,"currency":"NGN","chargedamount":10,"appfee":0.14,"merchantfee":0,"merchantbearsfee":1,"chargecode":"00","chargemessage":"Please enter the OTP sent to your mobile number 080****** and email te**@rave**.com","authmodel":"PIN","ip":"212.3.193.156","narration":"CARD Transaction ","status":"successful","vbvcode":"00","vbvmessage":"successful","authurl":"N\/A","acctcode":null,"acctmessage":null,"paymenttype":"card","paymentid":"861","fraudstatus":"ok","chargetype":"normal","createdday":3,"createddayname":"WEDNESDAY","createdweek":36,"createdmonth":8,"createdmonthname":"SEPTEMBER","createdquarter":3,"createdyear":2018,"createdyearisleap":false,"createddayispublicholiday":0,"createdhour":12,"createdminute":27,"createdpmam":"pm","created":"2018-09-05T12:27:50.000Z","customerid":48036,"custphone":null,"custnetworkprovider":"N\/A","custname":"DUMONTIER ","custemail":"l.dumontier@ovrley.com","custemailprovider":"COMPANY EMAIL","custcreated":"2018-09-05T12:27:50.000Z","accountid":7527,"acctbusinessname":"OVRLEYDEV","acctcontactperson":"LEO DUMONTIER","acctcountry":"US","acctbearsfeeattransactiontime":1,"acctparent":1,"acctvpcmerchant":"N\/A","acctalias":null,"acctisliveapproved":0,"orderref":"URF_1536150470709_5817735","paymentplan":null,"paymentpage":null,"raveref":"RV31536150469604854AD25DBF","amountsettledforthistransaction":9.86} [] []
[2018-09-05 13:46:42] flutterwave/rave.NOTICE: Generating Reference Number.... [] []
[2018-09-05 13:46:42] flutterwave/rave.NOTICE: Generated Reference Number....KRYP__5b8fde42735ae [] []
[2018-09-05 13:46:42] flutterwave/rave.NOTICE: Rave Class Initializes.... [] []
[2018-09-05 13:46:42] flutterwave/rave.NOTICE: Generating Reference Number.... [] []
[2018-09-05 13:46:42] flutterwave/rave.NOTICE: Generated Reference Number....KRYP__5b8fde427367d [] []
[2018-09-05 13:46:42] flutterwave/rave.NOTICE: Rave Class Initializes.... [] []
[2018-09-05 13:46:42] flutterwave/rave.NOTICE: Requerying Transaction....KRYP__5b8fcb9ae56ec [] []
[2018-09-05 13:46:43] flutterwave/rave.NOTICE: Requeryed a successful transaction....{"txid":240012,"txref":"KRYP__5b8fcb9ae56ec","flwref":"FLW-MOCK-31de30d8442bb128a6e7fe07eb8da03e","devicefingerprint":"ee1bdfc08cea79ae862e0148239b80ac","cycle":"one-time","amount":10,"currency":"NGN","chargedamount":10,"appfee":0.14,"merchantfee":0,"merchantbearsfee":1,"chargecode":"00","chargemessage":"Please enter the OTP sent to your mobile number 080****** and email te**@rave**.com","authmodel":"PIN","ip":"212.3.193.156","narration":"CARD Transaction ","status":"successful","vbvcode":"00","vbvmessage":"successful","authurl":"N\/A","acctcode":null,"acctmessage":null,"paymenttype":"card","paymentid":"861","fraudstatus":"ok","chargetype":"normal","createdday":3,"createddayname":"WEDNESDAY","createdweek":36,"createdmonth":8,"createdmonthname":"SEPTEMBER","createdquarter":3,"createdyear":2018,"createdyearisleap":false,"createddayispublicholiday":0,"createdhour":12,"createdminute":27,"createdpmam":"pm","created":"2018-09-05T12:27:50.000Z","customerid":48036,"custphone":null,"custnetworkprovider":"N\/A","custname":"DUMONTIER ","custemail":"l.dumontier@ovrley.com","custemailprovider":"COMPANY EMAIL","custcreated":"2018-09-05T12:27:50.000Z","accountid":7527,"acctbusinessname":"OVRLEYDEV","acctcontactperson":"LEO DUMONTIER","acctcountry":"US","acctbearsfeeattransactiontime":1,"acctparent":1,"acctvpcmerchant":"N\/A","acctalias":null,"acctisliveapproved":0,"orderref":"URF_1536150470709_5817735","paymentplan":null,"paymentpage":null,"raveref":"RV31536150469604854AD25DBF","amountsettledforthistransaction":9.86} [] []
[2018-09-05 14:33:20] flutterwave/rave.NOTICE: Generating Reference Number.... [] []
[2018-09-05 14:33:20] flutterwave/rave.NOTICE: Generated Reference Number....KRYP__5b8fe930a7ad1 [] []
[2018-09-05 14:33:20] flutterwave/rave.NOTICE: Rave Class Initializes.... [] []
[2018-09-05 14:33:20] flutterwave/rave.NOTICE: Generating Reference Number.... [] []
[2018-09-05 14:33:20] flutterwave/rave.NOTICE: Generated Reference Number....KRYP__5b8fe930a7b87 [] []
[2018-09-05 14:33:20] flutterwave/rave.NOTICE: Rave Class Initializes.... [] []
[2018-09-05 14:33:20] flutterwave/rave.NOTICE: Requerying Transaction....KRYP__5b8fcb9ae56ec [] []
[2018-09-05 14:33:22] flutterwave/rave.NOTICE: Requeryed a successful transaction....{"txid":240012,"txref":"KRYP__5b8fcb9ae56ec","flwref":"FLW-MOCK-31de30d8442bb128a6e7fe07eb8da03e","devicefingerprint":"ee1bdfc08cea79ae862e0148239b80ac","cycle":"one-time","amount":10,"currency":"NGN","chargedamount":10,"appfee":0.14,"merchantfee":0,"merchantbearsfee":1,"chargecode":"00","chargemessage":"Please enter the OTP sent to your mobile number 080****** and email te**@rave**.com","authmodel":"PIN","ip":"212.3.193.156","narration":"CARD Transaction ","status":"successful","vbvcode":"00","vbvmessage":"successful","authurl":"N\/A","acctcode":null,"acctmessage":null,"paymenttype":"card","paymentid":"861","fraudstatus":"ok","chargetype":"normal","createdday":3,"createddayname":"WEDNESDAY","createdweek":36,"createdmonth":8,"createdmonthname":"SEPTEMBER","createdquarter":3,"createdyear":2018,"createdyearisleap":false,"createddayispublicholiday":0,"createdhour":12,"createdminute":27,"createdpmam":"pm","created":"2018-09-05T12:27:50.000Z","customerid":48036,"custphone":null,"custnetworkprovider":"N\/A","custname":"DUMONTIER ","custemail":"l.dumontier@ovrley.com","custemailprovider":"COMPANY EMAIL","custcreated":"2018-09-05T12:27:50.000Z","accountid":7527,"acctbusinessname":"OVRLEYDEV","acctcontactperson":"LEO DUMONTIER","acctcountry":"US","acctbearsfeeattransactiontime":1,"acctparent":1,"acctvpcmerchant":"N\/A","acctalias":null,"acctisliveapproved":0,"orderref":"URF_1536150470709_5817735","paymentplan":null,"paymentpage":null,"raveref":"RV31536150469604854AD25DBF","amountsettledforthistransaction":9.86} [] []
[2018-09-05 14:33:38] flutterwave/rave.NOTICE: Generating Reference Number.... [] []
[2018-09-05 14:33:38] flutterwave/rave.NOTICE: Generated Reference Number....KRYP__5b8fe9427b9a1 [] []
[2018-09-05 14:33:38] flutterwave/rave.NOTICE: Rave Class Initializes.... [] []
[2018-09-05 14:33:38] flutterwave/rave.NOTICE: Generating Reference Number.... [] []
[2018-09-05 14:33:38] flutterwave/rave.NOTICE: Generated Reference Number....KRYP__5b8fe9427ba50 [] []
[2018-09-05 14:33:38] flutterwave/rave.NOTICE: Rave Class Initializes.... [] []
[2018-09-05 14:33:38] flutterwave/rave.NOTICE: Requerying Transaction....KRYP__5b8fcb9ae56ec [] []
[2018-09-05 14:33:39] flutterwave/rave.NOTICE: Requeryed a successful transaction....{"txid":240012,"txref":"KRYP__5b8fcb9ae56ec","flwref":"FLW-MOCK-31de30d8442bb128a6e7fe07eb8da03e","devicefingerprint":"ee1bdfc08cea79ae862e0148239b80ac","cycle":"one-time","amount":10,"currency":"NGN","chargedamount":10,"appfee":0.14,"merchantfee":0,"merchantbearsfee":1,"chargecode":"00","chargemessage":"Please enter the OTP sent to your mobile number 080****** and email te**@rave**.com","authmodel":"PIN","ip":"212.3.193.156","narration":"CARD Transaction ","status":"successful","vbvcode":"00","vbvmessage":"successful","authurl":"N\/A","acctcode":null,"acctmessage":null,"paymenttype":"card","paymentid":"861","fraudstatus":"ok","chargetype":"normal","createdday":3,"createddayname":"WEDNESDAY","createdweek":36,"createdmonth":8,"createdmonthname":"SEPTEMBER","createdquarter":3,"createdyear":2018,"createdyearisleap":false,"createddayispublicholiday":0,"createdhour":12,"createdminute":27,"createdpmam":"pm","created":"2018-09-05T12:27:50.000Z","customerid":48036,"custphone":null,"custnetworkprovider":"N\/A","custname":"DUMONTIER ","custemail":"l.dumontier@ovrley.com","custemailprovider":"COMPANY EMAIL","custcreated":"2018-09-05T12:27:50.000Z","accountid":7527,"acctbusinessname":"OVRLEYDEV","acctcontactperson":"LEO DUMONTIER","acctcountry":"US","acctbearsfeeattransactiontime":1,"acctparent":1,"acctvpcmerchant":"N\/A","acctalias":null,"acctisliveapproved":0,"orderref":"URF_1536150470709_5817735","paymentplan":null,"paymentpage":null,"raveref":"RV31536150469604854AD25DBF","amountsettledforthistransaction":9.86} [] []
[2018-09-05 14:49:20] flutterwave/rave.NOTICE: Generating Reference Number.... [] []
[2018-09-05 14:49:20] flutterwave/rave.NOTICE: Generated Reference Number....KRYP__5b8fecf01f173 [] []
[2018-09-05 14:49:20] flutterwave/rave.NOTICE: Rave Class Initializes.... [] []
[2018-09-05 14:49:20] flutterwave/rave.NOTICE: Generating Reference Number.... [] []
[2018-09-05 14:49:20] flutterwave/rave.NOTICE: Generated Reference Number....KRYP_5b8fecf01f239 [] []
[2018-09-05 14:49:20] flutterwave/rave.NOTICE: Rave Class Initializes.... [] []
[2018-09-05 14:49:20] flutterwave/rave.NOTICE: Requerying Transaction....KRYP__5b8fcb9ae56ec [] []
[2018-09-05 14:49:21] flutterwave/rave.NOTICE: Requeryed a successful transaction....{"txid":240012,"txref":"KRYP__5b8fcb9ae56ec","flwref":"FLW-MOCK-31de30d8442bb128a6e7fe07eb8da03e","devicefingerprint":"ee1bdfc08cea79ae862e0148239b80ac","cycle":"one-time","amount":10,"currency":"NGN","chargedamount":10,"appfee":0.14,"merchantfee":0,"merchantbearsfee":1,"chargecode":"00","chargemessage":"Please enter the OTP sent to your mobile number 080****** and email te**@rave**.com","authmodel":"PIN","ip":"212.3.193.156","narration":"CARD Transaction ","status":"successful","vbvcode":"00","vbvmessage":"successful","authurl":"N\/A","acctcode":null,"acctmessage":null,"paymenttype":"card","paymentid":"861","fraudstatus":"ok","chargetype":"normal","createdday":3,"createddayname":"WEDNESDAY","createdweek":36,"createdmonth":8,"createdmonthname":"SEPTEMBER","createdquarter":3,"createdyear":2018,"createdyearisleap":false,"createddayispublicholiday":0,"createdhour":12,"createdminute":27,"createdpmam":"pm","created":"2018-09-05T12:27:50.000Z","customerid":48036,"custphone":null,"custnetworkprovider":"N\/A","custname":"DUMONTIER ","custemail":"l.dumontier@ovrley.com","custemailprovider":"COMPANY EMAIL","custcreated":"2018-09-05T12:27:50.000Z","accountid":7527,"acctbusinessname":"OVRLEYDEV","acctcontactperson":"LEO DUMONTIER","acctcountry":"US","acctbearsfeeattransactiontime":1,"acctparent":1,"acctvpcmerchant":"N\/A","acctalias":null,"acctisliveapproved":0,"orderref":"URF_1536150470709_5817735","paymentplan":null,"paymentpage":null,"raveref":"RV31536150469604854AD25DBF","amountsettledforthistransaction":9.86} [] []
[2018-09-05 14:50:30] flutterwave/rave.NOTICE: Generating Reference Number.... [] []
[2018-09-05 14:50:30] flutterwave/rave.NOTICE: Generated Reference Number....KRYP__5b8fed3630aa3 [] []
[2018-09-05 14:50:30] flutterwave/rave.NOTICE: Rave Class Initializes.... [] []
[2018-09-05 14:50:40] flutterwave/rave.NOTICE: Generating Reference Number.... [] []
[2018-09-05 14:50:40] flutterwave/rave.NOTICE: Generated Reference Number....KRYP__5b8fed400c029 [] []
[2018-09-05 14:50:40] flutterwave/rave.NOTICE: Rave Class Initializes.... [] []
[2018-09-05 14:50:42] flutterwave/rave.NOTICE: Generating Reference Number.... [] []
[2018-09-05 14:50:42] flutterwave/rave.NOTICE: Generated Reference Number....KRYP__5b8fed4228baf [] []
[2018-09-05 14:50:42] flutterwave/rave.NOTICE: Rave Class Initializes.... [] []
[2018-09-05 14:50:56] flutterwave/rave.NOTICE: Generating Reference Number.... [] []
[2018-09-05 14:50:56] flutterwave/rave.NOTICE: Generated Reference Number....KRYP__5b8fed50bcaf3 [] []
[2018-09-05 14:50:56] flutterwave/rave.NOTICE: Rave Class Initializes.... [] []
[2018-09-05 14:50:56] flutterwave/rave.NOTICE: Generating Reference Number.... [] []
[2018-09-05 14:50:56] flutterwave/rave.NOTICE: Generated Reference Number....KRYP_5b8fed50bcbb4 [] []
[2018-09-05 14:50:56] flutterwave/rave.NOTICE: Rave Class Initializes.... [] []
[2018-09-05 14:50:56] flutterwave/rave.NOTICE: Requerying Transaction....KRYP__5b8fcb9ae56ec [] []
[2018-09-05 14:51:03] flutterwave/rave.NOTICE: Requeryed a successful transaction....{"txid":240012,"txref":"KRYP__5b8fcb9ae56ec","flwref":"FLW-MOCK-31de30d8442bb128a6e7fe07eb8da03e","devicefingerprint":"ee1bdfc08cea79ae862e0148239b80ac","cycle":"one-time","amount":10,"currency":"NGN","chargedamount":10,"appfee":0.14,"merchantfee":0,"merchantbearsfee":1,"chargecode":"00","chargemessage":"Please enter the OTP sent to your mobile number 080****** and email te**@rave**.com","authmodel":"PIN","ip":"212.3.193.156","narration":"CARD Transaction ","status":"successful","vbvcode":"00","vbvmessage":"successful","authurl":"N\/A","acctcode":null,"acctmessage":null,"paymenttype":"card","paymentid":"861","fraudstatus":"ok","chargetype":"normal","createdday":3,"createddayname":"WEDNESDAY","createdweek":36,"createdmonth":8,"createdmonthname":"SEPTEMBER","createdquarter":3,"createdyear":2018,"createdyearisleap":false,"createddayispublicholiday":0,"createdhour":12,"createdminute":27,"createdpmam":"pm","created":"2018-09-05T12:27:50.000Z","customerid":48036,"custphone":null,"custnetworkprovider":"N\/A","custname":"DUMONTIER ","custemail":"l.dumontier@ovrley.com","custemailprovider":"COMPANY EMAIL","custcreated":"2018-09-05T12:27:50.000Z","accountid":7527,"acctbusinessname":"OVRLEYDEV","acctcontactperson":"LEO DUMONTIER","acctcountry":"US","acctbearsfeeattransactiontime":1,"acctparent":1,"acctvpcmerchant":"N\/A","acctalias":null,"acctisliveapproved":0,"orderref":"URF_1536150470709_5817735","paymentplan":null,"paymentpage":null,"raveref":"RV31536150469604854AD25DBF","amountsettledforthistransaction":9.86} [] []
[2018-09-05 14:52:02] flutterwave/rave.NOTICE: Generating Reference Number.... [] []
[2018-09-05 14:52:02] flutterwave/rave.NOTICE: Generated Reference Number....KRYP__5b8fed926c900 [] []
[2018-09-05 14:52:02] flutterwave/rave.NOTICE: Rave Class Initializes.... [] []
[2018-09-05 14:52:02] flutterwave/rave.NOTICE: Generating Reference Number.... [] []
[2018-09-05 14:52:02] flutterwave/rave.NOTICE: Generated Reference Number....KRYP_5b8fed926c9ab [] []
[2018-09-05 14:52:02] flutterwave/rave.NOTICE: Rave Class Initializes.... [] []
[2018-09-05 14:52:02] flutterwave/rave.NOTICE: Requerying Transaction....KRYP_5b8fecb8b4f1f [] []
[2018-09-05 14:52:03] flutterwave/rave.NOTICE: Requeryed a successful transaction....{"txid":240145,"txref":"KRYP_5b8fecb8b4f1f","flwref":"FLW-MOCK-c233f56e08510361a1c2252e7c29163e","devicefingerprint":"ee1bdfc08cea79ae862e0148239b80ac","cycle":"one-time","amount":10,"currency":"USD","chargedamount":10,"appfee":0.33,"merchantfee":0,"merchantbearsfee":1,"chargecode":"00","chargemessage":"Please enter the OTP sent to your mobile number 080****** and email te**@rave**.com","authmodel":"VBVSECURECODE","ip":"212.3.193.156","narration":"CARD Transaction ","status":"successful","vbvcode":"00","vbvmessage":"Approved. Successful","authurl":"https:\/\/ravesandboxapi.flutterwave.com\/mockvbvpage?ref=FLW-MOCK-c233f56e08510361a1c2252e7c29163e&code=00&message=Approved. Successful&receiptno=RN1536158948760","acctcode":"RN1536158948760","acctmessage":null,"paymenttype":"card","paymentid":"861","fraudstatus":"ok","chargetype":"normal","createdday":3,"createddayname":"WEDNESDAY","createdweek":36,"createdmonth":8,"createdmonthname":"SEPTEMBER","createdquarter":3,"createdyear":2018,"createdyearisleap":false,"createddayispublicholiday":0,"createdhour":14,"createdminute":49,"createdpmam":"pm","created":"2018-09-05T14:49:08.000Z","customerid":48078,"custphone":null,"custnetworkprovider":"N\/A","custname":"LEO DUMONTIER ","custemail":"hello@ovrley.com","custemailprovider":"COMPANY EMAIL","custcreated":"2018-09-05T14:49:08.000Z","accountid":7527,"acctbusinessname":"OVRLEYDEV","acctcontactperson":"LEO DUMONTIER","acctcountry":"US","acctbearsfeeattransactiontime":1,"acctparent":1,"acctvpcmerchant":"N\/A","acctalias":null,"acctisliveapproved":0,"orderref":"URF_1536158948672_833935","paymentplan":null,"paymentpage":null,"raveref":"RV3153615894751079C7B4F963","amountsettledforthistransaction":9.67} [] []
[2018-09-05 14:52:15] flutterwave/rave.NOTICE: Generating Reference Number.... [] []
[2018-09-05 14:52:15] flutterwave/rave.NOTICE: Generated Reference Number....KRYP__5b8fed9f69ffa [] []
[2018-09-05 14:52:15] flutterwave/rave.NOTICE: Rave Class Initializes.... [] []
[2018-09-05 14:52:15] flutterwave/rave.NOTICE: Generating Reference Number.... [] []
[2018-09-05 14:52:15] flutterwave/rave.NOTICE: Generated Reference Number....KRYP_5b8fed9f6a0aa [] []
[2018-09-05 14:52:15] flutterwave/rave.NOTICE: Rave Class Initializes.... [] []
[2018-09-05 14:52:15] flutterwave/rave.NOTICE: Requerying Transaction....KRYP_5b8fecb8b4f1f [] []
[2018-09-05 14:52:16] flutterwave/rave.NOTICE: Requeryed a successful transaction....{"txid":240145,"txref":"KRYP_5b8fecb8b4f1f","flwref":"FLW-MOCK-c233f56e08510361a1c2252e7c29163e","devicefingerprint":"ee1bdfc08cea79ae862e0148239b80ac","cycle":"one-time","amount":10,"currency":"USD","chargedamount":10,"appfee":0.33,"merchantfee":0,"merchantbearsfee":1,"chargecode":"00","chargemessage":"Please enter the OTP sent to your mobile number 080****** and email te**@rave**.com","authmodel":"VBVSECURECODE","ip":"212.3.193.156","narration":"CARD Transaction ","status":"successful","vbvcode":"00","vbvmessage":"Approved. Successful","authurl":"https:\/\/ravesandboxapi.flutterwave.com\/mockvbvpage?ref=FLW-MOCK-c233f56e08510361a1c2252e7c29163e&code=00&message=Approved. Successful&receiptno=RN1536158948760","acctcode":"RN1536158948760","acctmessage":null,"paymenttype":"card","paymentid":"861","fraudstatus":"ok","chargetype":"normal","createdday":3,"createddayname":"WEDNESDAY","createdweek":36,"createdmonth":8,"createdmonthname":"SEPTEMBER","createdquarter":3,"createdyear":2018,"createdyearisleap":false,"createddayispublicholiday":0,"createdhour":14,"createdminute":49,"createdpmam":"pm","created":"2018-09-05T14:49:08.000Z","customerid":48078,"custphone":null,"custnetworkprovider":"N\/A","custname":"LEO DUMONTIER ","custemail":"hello@ovrley.com","custemailprovider":"COMPANY EMAIL","custcreated":"2018-09-05T14:49:08.000Z","accountid":7527,"acctbusinessname":"OVRLEYDEV","acctcontactperson":"LEO DUMONTIER","acctcountry":"US","acctbearsfeeattransactiontime":1,"acctparent":1,"acctvpcmerchant":"N\/A","acctalias":null,"acctisliveapproved":0,"orderref":"URF_1536158948672_833935","paymentplan":null,"paymentpage":null,"raveref":"RV3153615894751079C7B4F963","amountsettledforthistransaction":9.67} [] []
[2018-09-05 14:54:26] flutterwave/rave.NOTICE: Generating Reference Number.... [] []
[2018-09-05 14:54:26] flutterwave/rave.NOTICE: Generated Reference Number....KRYP__5b8fee22ba4e3 [] []
[2018-09-05 14:54:26] flutterwave/rave.NOTICE: Rave Class Initializes.... [] []
[2018-09-05 14:54:26] flutterwave/rave.NOTICE: Generating Reference Number.... [] []
[2018-09-05 14:54:26] flutterwave/rave.NOTICE: Generated Reference Number....KRYP_5b8fee22ba59c [] []
[2018-09-05 14:54:26] flutterwave/rave.NOTICE: Rave Class Initializes.... [] []
[2018-09-05 14:54:26] flutterwave/rave.NOTICE: Requerying Transaction....KRYP_5b8fedf933974 [] []
[2018-09-05 14:54:27] flutterwave/rave.NOTICE: Requeryed a successful transaction....{"txid":240152,"txref":"KRYP_5b8fedf933974","flwref":"FLW-MOCK-5bc3555cac645ea4942be4e77c48f544","devicefingerprint":"ee1bdfc08cea79ae862e0148239b80ac","cycle":"one-time","amount":10,"currency":"USD","chargedamount":10,"appfee":0.33,"merchantfee":0,"merchantbearsfee":1,"chargecode":"00","chargemessage":"Please enter the OTP sent to your mobile number 080****** and email te**@rave**.com","authmodel":"VBVSECURECODE","ip":"212.3.193.156","narration":"CARD Transaction ","status":"successful","vbvcode":"00","vbvmessage":"Approved. Successful","authurl":"https:\/\/ravesandboxapi.flutterwave.com\/mockvbvpage?ref=FLW-MOCK-5bc3555cac645ea4942be4e77c48f544&code=00&message=Approved. Successful&receiptno=RN1536159250207","acctcode":"RN1536159250207","acctmessage":null,"paymenttype":"card","paymentid":"861","fraudstatus":"ok","chargetype":"normal","createdday":3,"createddayname":"WEDNESDAY","createdweek":36,"createdmonth":8,"createdmonthname":"SEPTEMBER","createdquarter":3,"createdyear":2018,"createdyearisleap":false,"createddayispublicholiday":0,"createdhour":14,"createdminute":54,"createdpmam":"pm","created":"2018-09-05T14:54:10.000Z","customerid":48080,"custphone":null,"custnetworkprovider":"N\/A","custname":"LEO DUMONTIER ","custemail":"hello@ovrley.com","custemailprovider":"COMPANY EMAIL","custcreated":"2018-09-05T14:54:09.000Z","accountid":7527,"acctbusinessname":"OVRLEYDEV","acctcontactperson":"LEO DUMONTIER","acctcountry":"US","acctbearsfeeattransactiontime":1,"acctparent":1,"acctvpcmerchant":"N\/A","acctalias":null,"acctisliveapproved":0,"orderref":"URF_1536159250123_833935","paymentplan":null,"paymentpage":null,"raveref":"RV31536159249026B68E9E571A","amountsettledforthistransaction":9.67} [] []
[2018-09-05 14:56:44] flutterwave/rave.NOTICE: Generating Reference Number.... [] []
[2018-09-05 14:56:44] flutterwave/rave.NOTICE: Generated Reference Number....KRYP__5b8feeac638a8 [] []
[2018-09-05 14:56:44] flutterwave/rave.NOTICE: Rave Class Initializes.... [] []
[2018-09-05 14:56:44] flutterwave/rave.NOTICE: Generating Reference Number.... [] []
[2018-09-05 14:56:44] flutterwave/rave.NOTICE: Generated Reference Number....KRYP_5b8feeac63978 [] []
[2018-09-05 14:56:44] flutterwave/rave.NOTICE: Rave Class Initializes.... [] []
[2018-09-05 14:56:44] flutterwave/rave.NOTICE: Requerying Transaction....KRYP_5b8fedf933974 [] []
[2018-09-05 14:56:45] flutterwave/rave.NOTICE: Requeryed a successful transaction....{"txid":240152,"txref":"KRYP_5b8fedf933974","flwref":"FLW-MOCK-5bc3555cac645ea4942be4e77c48f544","devicefingerprint":"ee1bdfc08cea79ae862e0148239b80ac","cycle":"one-time","amount":10,"currency":"USD","chargedamount":10,"appfee":0.33,"merchantfee":0,"merchantbearsfee":1,"chargecode":"00","chargemessage":"Please enter the OTP sent to your mobile number 080****** and email te**@rave**.com","authmodel":"VBVSECURECODE","ip":"212.3.193.156","narration":"CARD Transaction ","status":"successful","vbvcode":"00","vbvmessage":"Approved. Successful","authurl":"https:\/\/ravesandboxapi.flutterwave.com\/mockvbvpage?ref=FLW-MOCK-5bc3555cac645ea4942be4e77c48f544&code=00&message=Approved. Successful&receiptno=RN1536159250207","acctcode":"RN1536159250207","acctmessage":null,"paymenttype":"card","paymentid":"861","fraudstatus":"ok","chargetype":"normal","createdday":3,"createddayname":"WEDNESDAY","createdweek":36,"createdmonth":8,"createdmonthname":"SEPTEMBER","createdquarter":3,"createdyear":2018,"createdyearisleap":false,"createddayispublicholiday":0,"createdhour":14,"createdminute":54,"createdpmam":"pm","created":"2018-09-05T14:54:10.000Z","customerid":48080,"custphone":null,"custnetworkprovider":"N\/A","custname":"LEO DUMONTIER ","custemail":"hello@ovrley.com","custemailprovider":"COMPANY EMAIL","custcreated":"2018-09-05T14:54:09.000Z","accountid":7527,"acctbusinessname":"OVRLEYDEV","acctcontactperson":"LEO DUMONTIER","acctcountry":"US","acctbearsfeeattransactiontime":1,"acctparent":1,"acctvpcmerchant":"N\/A","acctalias":null,"acctisliveapproved":0,"orderref":"URF_1536159250123_833935","paymentplan":null,"paymentpage":null,"raveref":"RV31536159249026B68E9E571A","amountsettledforthistransaction":9.67} [] []
[2018-09-05 14:56:58] flutterwave/rave.NOTICE: Generating Reference Number.... [] []
[2018-09-05 14:56:58] flutterwave/rave.NOTICE: Generated Reference Number....KRYP__5b8feeba15cde [] []
[2018-09-05 14:56:58] flutterwave/rave.NOTICE: Rave Class Initializes.... [] []
[2018-09-05 14:56:58] flutterwave/rave.NOTICE: Generating Reference Number.... [] []
[2018-09-05 14:56:58] flutterwave/rave.NOTICE: Generated Reference Number....KRYP_5b8feeba15e10 [] []
[2018-09-05 14:56:58] flutterwave/rave.NOTICE: Rave Class Initializes.... [] []
[2018-09-05 14:56:58] flutterwave/rave.NOTICE: Requerying Transaction....KRYP_5b8fedf933974 [] []
[2018-09-05 14:56:58] flutterwave/rave.NOTICE: Requeryed a successful transaction....{"txid":240152,"txref":"KRYP_5b8fedf933974","flwref":"FLW-MOCK-5bc3555cac645ea4942be4e77c48f544","devicefingerprint":"ee1bdfc08cea79ae862e0148239b80ac","cycle":"one-time","amount":10,"currency":"USD","chargedamount":10,"appfee":0.33,"merchantfee":0,"merchantbearsfee":1,"chargecode":"00","chargemessage":"Please enter the OTP sent to your mobile number 080****** and email te**@rave**.com","authmodel":"VBVSECURECODE","ip":"212.3.193.156","narration":"CARD Transaction ","status":"successful","vbvcode":"00","vbvmessage":"Approved. Successful","authurl":"https:\/\/ravesandboxapi.flutterwave.com\/mockvbvpage?ref=FLW-MOCK-5bc3555cac645ea4942be4e77c48f544&code=00&message=Approved. Successful&receiptno=RN1536159250207","acctcode":"RN1536159250207","acctmessage":null,"paymenttype":"card","paymentid":"861","fraudstatus":"ok","chargetype":"normal","createdday":3,"createddayname":"WEDNESDAY","createdweek":36,"createdmonth":8,"createdmonthname":"SEPTEMBER","createdquarter":3,"createdyear":2018,"createdyearisleap":false,"createddayispublicholiday":0,"createdhour":14,"createdminute":54,"createdpmam":"pm","created":"2018-09-05T14:54:10.000Z","customerid":48080,"custphone":null,"custnetworkprovider":"N\/A","custname":"LEO DUMONTIER ","custemail":"hello@ovrley.com","custemailprovider":"COMPANY EMAIL","custcreated":"2018-09-05T14:54:09.000Z","accountid":7527,"acctbusinessname":"OVRLEYDEV","acctcontactperson":"LEO DUMONTIER","acctcountry":"US","acctbearsfeeattransactiontime":1,"acctparent":1,"acctvpcmerchant":"N\/A","acctalias":null,"acctisliveapproved":0,"orderref":"URF_1536159250123_833935","paymentplan":null,"paymentpage":null,"raveref":"RV31536159249026B68E9E571A","amountsettledforthistransaction":9.67} [] []
[2018-09-05 14:57:07] flutterwave/rave.NOTICE: Generating Reference Number.... [] []
[2018-09-05 14:57:07] flutterwave/rave.NOTICE: Generated Reference Number....KRYP__5b8feec369c9d [] []
[2018-09-05 14:57:07] flutterwave/rave.NOTICE: Rave Class Initializes.... [] []
[2018-09-05 14:57:07] flutterwave/rave.NOTICE: Generating Reference Number.... [] []
[2018-09-05 14:57:07] flutterwave/rave.NOTICE: Generated Reference Number....KRYP_5b8feec369d7c [] []
[2018-09-05 14:57:07] flutterwave/rave.NOTICE: Rave Class Initializes.... [] []
[2018-09-05 14:57:07] flutterwave/rave.NOTICE: Requerying Transaction....KRYP_5b8fedf933974 [] []
[2018-09-05 14:57:08] flutterwave/rave.NOTICE: Requeryed a successful transaction....{"txid":240152,"txref":"KRYP_5b8fedf933974","flwref":"FLW-MOCK-5bc3555cac645ea4942be4e77c48f544","devicefingerprint":"ee1bdfc08cea79ae862e0148239b80ac","cycle":"one-time","amount":10,"currency":"USD","chargedamount":10,"appfee":0.33,"merchantfee":0,"merchantbearsfee":1,"chargecode":"00","chargemessage":"Please enter the OTP sent to your mobile number 080****** and email te**@rave**.com","authmodel":"VBVSECURECODE","ip":"212.3.193.156","narration":"CARD Transaction ","status":"successful","vbvcode":"00","vbvmessage":"Approved. Successful","authurl":"https:\/\/ravesandboxapi.flutterwave.com\/mockvbvpage?ref=FLW-MOCK-5bc3555cac645ea4942be4e77c48f544&code=00&message=Approved. Successful&receiptno=RN1536159250207","acctcode":"RN1536159250207","acctmessage":null,"paymenttype":"card","paymentid":"861","fraudstatus":"ok","chargetype":"normal","createdday":3,"createddayname":"WEDNESDAY","createdweek":36,"createdmonth":8,"createdmonthname":"SEPTEMBER","createdquarter":3,"createdyear":2018,"createdyearisleap":false,"createddayispublicholiday":0,"createdhour":14,"createdminute":54,"createdpmam":"pm","created":"2018-09-05T14:54:10.000Z","customerid":48080,"custphone":null,"custnetworkprovider":"N\/A","custname":"LEO DUMONTIER ","custemail":"hello@ovrley.com","custemailprovider":"COMPANY EMAIL","custcreated":"2018-09-05T14:54:09.000Z","accountid":7527,"acctbusinessname":"OVRLEYDEV","acctcontactperson":"LEO DUMONTIER","acctcountry":"US","acctbearsfeeattransactiontime":1,"acctparent":1,"acctvpcmerchant":"N\/A","acctalias":null,"acctisliveapproved":0,"orderref":"URF_1536159250123_833935","paymentplan":null,"paymentpage":null,"raveref":"RV31536159249026B68E9E571A","amountsettledforthistransaction":9.67} [] []
[2018-09-05 14:57:20] flutterwave/rave.NOTICE: Generating Reference Number.... [] []
[2018-09-05 14:57:20] flutterwave/rave.NOTICE: Generated Reference Number....KRYP__5b8feed0b699f [] []
[2018-09-05 14:57:20] flutterwave/rave.NOTICE: Rave Class Initializes.... [] []
[2018-09-05 14:57:20] flutterwave/rave.NOTICE: Generating Reference Number.... [] []
[2018-09-05 14:57:20] flutterwave/rave.NOTICE: Generated Reference Number....KRYP_5b8feed0b6a4a [] []
[2018-09-05 14:57:20] flutterwave/rave.NOTICE: Rave Class Initializes.... [] []
[2018-09-05 14:57:20] flutterwave/rave.NOTICE: Requerying Transaction....KRYP_5b8fedf933974 [] []
[2018-09-05 14:57:21] flutterwave/rave.NOTICE: Requeryed a successful transaction....{"txid":240152,"txref":"KRYP_5b8fedf933974","flwref":"FLW-MOCK-5bc3555cac645ea4942be4e77c48f544","devicefingerprint":"ee1bdfc08cea79ae862e0148239b80ac","cycle":"one-time","amount":10,"currency":"USD","chargedamount":10,"appfee":0.33,"merchantfee":0,"merchantbearsfee":1,"chargecode":"00","chargemessage":"Please enter the OTP sent to your mobile number 080****** and email te**@rave**.com","authmodel":"VBVSECURECODE","ip":"212.3.193.156","narration":"CARD Transaction ","status":"successful","vbvcode":"00","vbvmessage":"Approved. Successful","authurl":"https:\/\/ravesandboxapi.flutterwave.com\/mockvbvpage?ref=FLW-MOCK-5bc3555cac645ea4942be4e77c48f544&code=00&message=Approved. Successful&receiptno=RN1536159250207","acctcode":"RN1536159250207","acctmessage":null,"paymenttype":"card","paymentid":"861","fraudstatus":"ok","chargetype":"normal","createdday":3,"createddayname":"WEDNESDAY","createdweek":36,"createdmonth":8,"createdmonthname":"SEPTEMBER","createdquarter":3,"createdyear":2018,"createdyearisleap":false,"createddayispublicholiday":0,"createdhour":14,"createdminute":54,"createdpmam":"pm","created":"2018-09-05T14:54:10.000Z","customerid":48080,"custphone":null,"custnetworkprovider":"N\/A","custname":"LEO DUMONTIER ","custemail":"hello@ovrley.com","custemailprovider":"COMPANY EMAIL","custcreated":"2018-09-05T14:54:09.000Z","accountid":7527,"acctbusinessname":"OVRLEYDEV","acctcontactperson":"LEO DUMONTIER","acctcountry":"US","acctbearsfeeattransactiontime":1,"acctparent":1,"acctvpcmerchant":"N\/A","acctalias":null,"acctisliveapproved":0,"orderref":"URF_1536159250123_833935","paymentplan":null,"paymentpage":null,"raveref":"RV31536159249026B68E9E571A","amountsettledforthistransaction":9.67} [] []
[2018-09-05 14:57:28] flutterwave/rave.NOTICE: Generating Reference Number.... [] []
[2018-09-05 14:57:28] flutterwave/rave.NOTICE: Generated Reference Number....KRYP__5b8feed8da49c [] []
[2018-09-05 14:57:28] flutterwave/rave.NOTICE: Rave Class Initializes.... [] []
[2018-09-05 14:57:28] flutterwave/rave.NOTICE: Generating Reference Number.... [] []
[2018-09-05 14:57:28] flutterwave/rave.NOTICE: Generated Reference Number....KRYP_5b8feed8da542 [] []
[2018-09-05 14:57:28] flutterwave/rave.NOTICE: Rave Class Initializes.... [] []
[2018-09-05 14:57:28] flutterwave/rave.NOTICE: Requerying Transaction....KRYP_5b8fedf933974 [] []
[2018-09-05 14:57:29] flutterwave/rave.NOTICE: Requeryed a successful transaction....{"txid":240152,"txref":"KRYP_5b8fedf933974","flwref":"FLW-MOCK-5bc3555cac645ea4942be4e77c48f544","devicefingerprint":"ee1bdfc08cea79ae862e0148239b80ac","cycle":"one-time","amount":10,"currency":"USD","chargedamount":10,"appfee":0.33,"merchantfee":0,"merchantbearsfee":1,"chargecode":"00","chargemessage":"Please enter the OTP sent to your mobile number 080****** and email te**@rave**.com","authmodel":"VBVSECURECODE","ip":"212.3.193.156","narration":"CARD Transaction ","status":"successful","vbvcode":"00","vbvmessage":"Approved. Successful","authurl":"https:\/\/ravesandboxapi.flutterwave.com\/mockvbvpage?ref=FLW-MOCK-5bc3555cac645ea4942be4e77c48f544&code=00&message=Approved. Successful&receiptno=RN1536159250207","acctcode":"RN1536159250207","acctmessage":null,"paymenttype":"card","paymentid":"861","fraudstatus":"ok","chargetype":"normal","createdday":3,"createddayname":"WEDNESDAY","createdweek":36,"createdmonth":8,"createdmonthname":"SEPTEMBER","createdquarter":3,"createdyear":2018,"createdyearisleap":false,"createddayispublicholiday":0,"createdhour":14,"createdminute":54,"createdpmam":"pm","created":"2018-09-05T14:54:10.000Z","customerid":48080,"custphone":null,"custnetworkprovider":"N\/A","custname":"LEO DUMONTIER ","custemail":"hello@ovrley.com","custemailprovider":"COMPANY EMAIL","custcreated":"2018-09-05T14:54:09.000Z","accountid":7527,"acctbusinessname":"OVRLEYDEV","acctcontactperson":"LEO DUMONTIER","acctcountry":"US","acctbearsfeeattransactiontime":1,"acctparent":1,"acctvpcmerchant":"N\/A","acctalias":null,"acctisliveapproved":0,"orderref":"URF_1536159250123_833935","paymentplan":null,"paymentpage":null,"raveref":"RV31536159249026B68E9E571A","amountsettledforthistransaction":9.67} [] []
[2018-09-05 14:57:35] flutterwave/rave.NOTICE: Generating Reference Number.... [] []
[2018-09-05 14:57:35] flutterwave/rave.NOTICE: Generated Reference Number....KRYP__5b8feedfadf6d [] []
[2018-09-05 14:57:35] flutterwave/rave.NOTICE: Rave Class Initializes.... [] []
[2018-09-05 14:57:35] flutterwave/rave.NOTICE: Generating Reference Number.... [] []
[2018-09-05 14:57:35] flutterwave/rave.NOTICE: Generated Reference Number....KRYP_5b8feedfae071 [] []
[2018-09-05 14:57:35] flutterwave/rave.NOTICE: Rave Class Initializes.... [] []
[2018-09-05 14:57:35] flutterwave/rave.NOTICE: Requerying Transaction....KRYP_5b8fedf933974 [] []
[2018-09-05 14:57:36] flutterwave/rave.NOTICE: Requeryed a successful transaction....{"txid":240152,"txref":"KRYP_5b8fedf933974","flwref":"FLW-MOCK-5bc3555cac645ea4942be4e77c48f544","devicefingerprint":"ee1bdfc08cea79ae862e0148239b80ac","cycle":"one-time","amount":10,"currency":"USD","chargedamount":10,"appfee":0.33,"merchantfee":0,"merchantbearsfee":1,"chargecode":"00","chargemessage":"Please enter the OTP sent to your mobile number 080****** and email te**@rave**.com","authmodel":"VBVSECURECODE","ip":"212.3.193.156","narration":"CARD Transaction ","status":"successful","vbvcode":"00","vbvmessage":"Approved. Successful","authurl":"https:\/\/ravesandboxapi.flutterwave.com\/mockvbvpage?ref=FLW-MOCK-5bc3555cac645ea4942be4e77c48f544&code=00&message=Approved. Successful&receiptno=RN1536159250207","acctcode":"RN1536159250207","acctmessage":null,"paymenttype":"card","paymentid":"861","fraudstatus":"ok","chargetype":"normal","createdday":3,"createddayname":"WEDNESDAY","createdweek":36,"createdmonth":8,"createdmonthname":"SEPTEMBER","createdquarter":3,"createdyear":2018,"createdyearisleap":false,"createddayispublicholiday":0,"createdhour":14,"createdminute":54,"createdpmam":"pm","created":"2018-09-05T14:54:10.000Z","customerid":48080,"custphone":null,"custnetworkprovider":"N\/A","custname":"LEO DUMONTIER ","custemail":"hello@ovrley.com","custemailprovider":"COMPANY EMAIL","custcreated":"2018-09-05T14:54:09.000Z","accountid":7527,"acctbusinessname":"OVRLEYDEV","acctcontactperson":"LEO DUMONTIER","acctcountry":"US","acctbearsfeeattransactiontime":1,"acctparent":1,"acctvpcmerchant":"N\/A","acctalias":null,"acctisliveapproved":0,"orderref":"URF_1536159250123_833935","paymentplan":null,"paymentpage":null,"raveref":"RV31536159249026B68E9E571A","amountsettledforthistransaction":9.67} [] []
[2018-09-05 14:58:15] flutterwave/rave.NOTICE: Generating Reference Number.... [] []
[2018-09-05 14:58:15] flutterwave/rave.NOTICE: Generated Reference Number....KRYP__5b8fef073b6fd [] []
[2018-09-05 14:58:15] flutterwave/rave.NOTICE: Rave Class Initializes.... [] []
[2018-09-05 14:58:15] flutterwave/rave.NOTICE: Generating Reference Number.... [] []
[2018-09-05 14:58:15] flutterwave/rave.NOTICE: Generated Reference Number....KRYP_5b8fef073b7a4 [] []
[2018-09-05 14:58:15] flutterwave/rave.NOTICE: Rave Class Initializes.... [] []
[2018-09-05 14:58:15] flutterwave/rave.NOTICE: Requerying Transaction....KRYP_5b8fedf933974 [] []
[2018-09-05 14:58:15] flutterwave/rave.NOTICE: Requeryed a successful transaction....{"txid":240152,"txref":"KRYP_5b8fedf933974","flwref":"FLW-MOCK-5bc3555cac645ea4942be4e77c48f544","devicefingerprint":"ee1bdfc08cea79ae862e0148239b80ac","cycle":"one-time","amount":10,"currency":"USD","chargedamount":10,"appfee":0.33,"merchantfee":0,"merchantbearsfee":1,"chargecode":"00","chargemessage":"Please enter the OTP sent to your mobile number 080****** and email te**@rave**.com","authmodel":"VBVSECURECODE","ip":"212.3.193.156","narration":"CARD Transaction ","status":"successful","vbvcode":"00","vbvmessage":"Approved. Successful","authurl":"https:\/\/ravesandboxapi.flutterwave.com\/mockvbvpage?ref=FLW-MOCK-5bc3555cac645ea4942be4e77c48f544&code=00&message=Approved. Successful&receiptno=RN1536159250207","acctcode":"RN1536159250207","acctmessage":null,"paymenttype":"card","paymentid":"861","fraudstatus":"ok","chargetype":"normal","createdday":3,"createddayname":"WEDNESDAY","createdweek":36,"createdmonth":8,"createdmonthname":"SEPTEMBER","createdquarter":3,"createdyear":2018,"createdyearisleap":false,"createddayispublicholiday":0,"createdhour":14,"createdminute":54,"createdpmam":"pm","created":"2018-09-05T14:54:10.000Z","customerid":48080,"custphone":null,"custnetworkprovider":"N\/A","custname":"LEO DUMONTIER ","custemail":"hello@ovrley.com","custemailprovider":"COMPANY EMAIL","custcreated":"2018-09-05T14:54:09.000Z","accountid":7527,"acctbusinessname":"OVRLEYDEV","acctcontactperson":"LEO DUMONTIER","acctcountry":"US","acctbearsfeeattransactiontime":1,"acctparent":1,"acctvpcmerchant":"N\/A","acctalias":null,"acctisliveapproved":0,"orderref":"URF_1536159250123_833935","paymentplan":null,"paymentpage":null,"raveref":"RV31536159249026B68E9E571A","amountsettledforthistransaction":9.67} [] []
[2018-09-05 14:59:23] flutterwave/rave.NOTICE: Generating Reference Number.... [] []
[2018-09-05 14:59:23] flutterwave/rave.NOTICE: Generated Reference Number....KRYP__5b8fef4b791d7 [] []
[2018-09-05 14:59:23] flutterwave/rave.NOTICE: Rave Class Initializes.... [] []
[2018-09-05 14:59:23] flutterwave/rave.NOTICE: Generating Reference Number.... [] []
[2018-09-05 14:59:23] flutterwave/rave.NOTICE: Generated Reference Number....KRYP_5b8fef4b792cb [] []
[2018-09-05 14:59:23] flutterwave/rave.NOTICE: Rave Class Initializes.... [] []
[2018-09-05 14:59:23] flutterwave/rave.NOTICE: Requerying Transaction....KRYP_5b8fedf933974 [] []
[2018-09-05 14:59:24] flutterwave/rave.NOTICE: Requeryed a successful transaction....{"txid":240152,"txref":"KRYP_5b8fedf933974","flwref":"FLW-MOCK-5bc3555cac645ea4942be4e77c48f544","devicefingerprint":"ee1bdfc08cea79ae862e0148239b80ac","cycle":"one-time","amount":10,"currency":"USD","chargedamount":10,"appfee":0.33,"merchantfee":0,"merchantbearsfee":1,"chargecode":"00","chargemessage":"Please enter the OTP sent to your mobile number 080****** and email te**@rave**.com","authmodel":"VBVSECURECODE","ip":"212.3.193.156","narration":"CARD Transaction ","status":"successful","vbvcode":"00","vbvmessage":"Approved. Successful","authurl":"https:\/\/ravesandboxapi.flutterwave.com\/mockvbvpage?ref=FLW-MOCK-5bc3555cac645ea4942be4e77c48f544&code=00&message=Approved. Successful&receiptno=RN1536159250207","acctcode":"RN1536159250207","acctmessage":null,"paymenttype":"card","paymentid":"861","fraudstatus":"ok","chargetype":"normal","createdday":3,"createddayname":"WEDNESDAY","createdweek":36,"createdmonth":8,"createdmonthname":"SEPTEMBER","createdquarter":3,"createdyear":2018,"createdyearisleap":false,"createddayispublicholiday":0,"createdhour":14,"createdminute":54,"createdpmam":"pm","created":"2018-09-05T14:54:10.000Z","customerid":48080,"custphone":null,"custnetworkprovider":"N\/A","custname":"LEO DUMONTIER ","custemail":"hello@ovrley.com","custemailprovider":"COMPANY EMAIL","custcreated":"2018-09-05T14:54:09.000Z","accountid":7527,"acctbusinessname":"OVRLEYDEV","acctcontactperson":"LEO DUMONTIER","acctcountry":"US","acctbearsfeeattransactiontime":1,"acctparent":1,"acctvpcmerchant":"N\/A","acctalias":null,"acctisliveapproved":0,"orderref":"URF_1536159250123_833935","paymentplan":null,"paymentpage":null,"raveref":"RV31536159249026B68E9E571A","amountsettledforthistransaction":9.67} [] []
[2018-09-05 14:59:45] flutterwave/rave.NOTICE: Generating Reference Number.... [] []
[2018-09-05 14:59:45] flutterwave/rave.NOTICE: Generated Reference Number....KRYP__5b8fef6119b8d [] []
[2018-09-05 14:59:45] flutterwave/rave.NOTICE: Rave Class Initializes.... [] []
[2018-09-05 14:59:45] flutterwave/rave.NOTICE: Generating Reference Number.... [] []
[2018-09-05 14:59:45] flutterwave/rave.NOTICE: Generated Reference Number....KRYP_5b8fef6119c36 [] []
[2018-09-05 14:59:45] flutterwave/rave.NOTICE: Rave Class Initializes.... [] []
[2018-09-05 14:59:45] flutterwave/rave.NOTICE: Requerying Transaction....KRYP_5b8fedf933974 [] []
[2018-09-05 14:59:45] flutterwave/rave.NOTICE: Requeryed a successful transaction....{"txid":240152,"txref":"KRYP_5b8fedf933974","flwref":"FLW-MOCK-5bc3555cac645ea4942be4e77c48f544","devicefingerprint":"ee1bdfc08cea79ae862e0148239b80ac","cycle":"one-time","amount":10,"currency":"USD","chargedamount":10,"appfee":0.33,"merchantfee":0,"merchantbearsfee":1,"chargecode":"00","chargemessage":"Please enter the OTP sent to your mobile number 080****** and email te**@rave**.com","authmodel":"VBVSECURECODE","ip":"212.3.193.156","narration":"CARD Transaction ","status":"successful","vbvcode":"00","vbvmessage":"Approved. Successful","authurl":"https:\/\/ravesandboxapi.flutterwave.com\/mockvbvpage?ref=FLW-MOCK-5bc3555cac645ea4942be4e77c48f544&code=00&message=Approved. Successful&receiptno=RN1536159250207","acctcode":"RN1536159250207","acctmessage":null,"paymenttype":"card","paymentid":"861","fraudstatus":"ok","chargetype":"normal","createdday":3,"createddayname":"WEDNESDAY","createdweek":36,"createdmonth":8,"createdmonthname":"SEPTEMBER","createdquarter":3,"createdyear":2018,"createdyearisleap":false,"createddayispublicholiday":0,"createdhour":14,"createdminute":54,"createdpmam":"pm","created":"2018-09-05T14:54:10.000Z","customerid":48080,"custphone":null,"custnetworkprovider":"N\/A","custname":"LEO DUMONTIER ","custemail":"hello@ovrley.com","custemailprovider":"COMPANY EMAIL","custcreated":"2018-09-05T14:54:09.000Z","accountid":7527,"acctbusinessname":"OVRLEYDEV","acctcontactperson":"LEO DUMONTIER","acctcountry":"US","acctbearsfeeattransactiontime":1,"acctparent":1,"acctvpcmerchant":"N\/A","acctalias":null,"acctisliveapproved":0,"orderref":"URF_1536159250123_833935","paymentplan":null,"paymentpage":null,"raveref":"RV31536159249026B68E9E571A","amountsettledforthistransaction":9.67} [] []
